(0000) 3000  0011000000000000 (   8)                 .ORIG x3000
(3000) 5260  0101001001100000 (  10)                 AND   R1 R1 #0
(3001) 1265  0001001001100101 (  11)                 ADD   R1 R1 #5
(3002) E003  1110000000000011 (  12)                 LEA   R0 HELLO
(3003) F022  1111000000100010 (  14) LOOP            TRAP  x22
(3004) 127F  0001001001111111 (  15)                 ADD   R1 R1 #-1
(3005) 03FD  0000001111111101 (  17)                 BRP   LOOP
(3006) 0048  0000000001001000 (  20) HELLO           .FILL x0048
(3007) 0065  0000000001100101 (  20)                 .FILL x0065
(3008) 006C  0000000001101100 (  20)                 .FILL x006C
(3009) 006C  0000000001101100 (  20)                 .FILL x006C
(300A) 006F  0000000001101111 (  20)                 .FILL x006F
(300B) 0020  0000000000100000 (  20)                 .FILL x0020
(300C) 0057  0000000001010111 (  20)                 .FILL x0057
(300D) 006F  0000000001101111 (  20)                 .FILL x006F
(300E) 0072  0000000001110010 (  20)                 .FILL x0072
(300F) 006C  0000000001101100 (  20)                 .FILL x006C
(3010) 0064  0000000001100100 (  20)                 .FILL x0064
(3011) 002C  0000000000101100 (  20)                 .FILL x002C
(3012) 0020  0000000000100000 (  20)                 .FILL x0020
(3013) 0074  0000000001110100 (  20)                 .FILL x0074
(3014) 0068  0000000001101000 (  20)                 .FILL x0068
(3015) 0069  0000000001101001 (  20)                 .FILL x0069
(3016) 0073  0000000001110011 (  20)                 .FILL x0073
(3017) 0020  0000000000100000 (  20)                 .FILL x0020
(3018) 0069  0000000001101001 (  20)                 .FILL x0069
(3019) 0073  0000000001110011 (  20)                 .FILL x0073
(301A) 0020  0000000000100000 (  20)                 .FILL x0020
(301B) 0054  0000000001010100 (  20)                 .FILL x0054
(301C) 0072  0000000001110010 (  20)                 .FILL x0072
(301D) 0065  0000000001100101 (  20)                 .FILL x0065
(301E) 0076  0000000001110110 (  20)                 .FILL x0076
(301F) 006F  0000000001101111 (  20)                 .FILL x006F
(3020) 0072  0000000001110010 (  20)                 .FILL x0072
(3021) 0021  0000000000100001 (  20)                 .FILL x0021
(3022) 000A  0000000000001010 (  20)                 .FILL x000A
(3023) 0000  0000000000000000 (  20)                 .FILL x0000
