(0000) 3000  0011000000000000 (   8)                 .ORIG x3000
(3000) 4A11  0100101000010001 (  12) START           JSR   CLEAR_ARRAY
(3001) 5020  0101000000100000 (  13)                 AND   R0 R0 #0
(3002) 5260  0101001001100000 (  14)                 AND   R1 R1 #0
(3003) 54A0  0101010010100000 (  15)                 AND   R2 R2 #0
(3004) 56E0  0101011011100000 (  16)                 AND   R3 R3 #0
(3005) 5920  0101100100100000 (  17)                 AND   R4 R4 #0
(3006) 5B60  0101101101100000 (  18)                 AND   R5 R5 #0
(3007) 5DA0  0101110110100000 (  19)                 AND   R6 R6 #0
(3008) 5FE0  0101111111100000 (  20)                 AND   R7 R7 #0
(3009) E0C2  1110000011000010 (  23)                 LEA   R0 GREETING
(300A) F022  1111000000100010 (  24)                 TRAP  x22
(300B) 487B  0100100001111011 (  27)                 JSR   INPUT
(300C) 28BA  0010100010111010 (  28)                 LD    R4 EOD
(300D) 2ABD  0010101010111101 (  29)                 LD    R5 D
(300E) 5DA0  0101110110100000 (  32)                 AND   R6 R6 #0
(300F) 1905  0001100100000101 (  33)                 ADD   R4 R4 R5
(3010) 0A0D  0000101000001101 (  34)                 BRNP  OUTNEXT
(3011) E01B  1110000000011011 (  36)                 LEA   R0 PHRASE
(3012) F022  1111000000100010 (  37)                 TRAP  x22
(3013) 5DA0  0101110110100000 (  40)                 AND   R6 R6 #0
(3014) 3CF5  0011110011110101 (  41)                 ST    R6 ROWNUM
(3015) 49E3  0100100111100011 (  42)                 JSR   OUTPUT
(3016) E04E  1110000001001110 (  44)                 LEA   R0 DECRYPTED
(3017) F022  1111000000100010 (  45)                 TRAP  x22
(3018) 49A0  0100100110100000 (  46)                 JSR   DECRYPT
(3019) 5DA0  0101110110100000 (  49)                 AND   R6 R6 #0
(301A) 1DA1  0001110110100001 (  50)                 ADD   R6 R6 #1
(301B) 3CEE  0011110011101110 (  51)                 ST    R6 ROWNUM
(301C) 49DC  0100100111011100 (  52)                 JSR   OUTPUT
(301D) 0FE2  0000111111100010 (  54)                 BRNZP START
(301E) E00E  1110000000001110 (  57) OUTNEXT         LEA   R0 PHRASE
(301F) F022  1111000000100010 (  58)                 TRAP  x22
(3020) 5DA0  0101110110100000 (  61)                 AND   R6 R6 #0
(3021) 3CE8  0011110011101000 (  62)                 ST    R6 ROWNUM
(3022) 49D6  0100100111010110 (  63)                 JSR   OUTPUT
(3023) E01F  1110000000011111 (  65)                 LEA   R0 ENCRYPTED
(3024) F022  1111000000100010 (  66)                 TRAP  x22
(3025) 495A  0100100101011010 (  67)                 JSR   ENCRYPT
(3026) 5DA0  0101110110100000 (  70)                 AND   R6 R6 #0
(3027) 1DA1  0001110110100001 (  71)                 ADD   R6 R6 #1
(3028) 3CE1  0011110011100001 (  72)                 ST    R6 ROWNUM
(3029) 49CF  0100100111001111 (  73)                 JSR   OUTPUT
(302A) 0FD5  0000111111010101 (  74)                 BRNZP START
(302B) 0FD4  0000111111010100 (  76) AGAIN           BRNZP START
(302C) F025  1111000000100101 (  77) FINISH          TRAP  x25
(302D) 0048  0000000001001000 (  79) PHRASE          .FILL x0048
(302E) 0065  0000000001100101 (  79)                 .FILL x0065
(302F) 0072  0000000001110010 (  79)                 .FILL x0072
(3030) 0065  0000000001100101 (  79)                 .FILL x0065
(3031) 0020  0000000000100000 (  79)                 .FILL x0020
(3032) 0069  0000000001101001 (  79)                 .FILL x0069
(3033) 0073  0000000001110011 (  79)                 .FILL x0073
(3034) 0020  0000000000100000 (  79)                 .FILL x0020
(3035) 0079  0000000001111001 (  79)                 .FILL x0079
(3036) 006F  0000000001101111 (  79)                 .FILL x006F
(3037) 0075  0000000001110101 (  79)                 .FILL x0075
(3038) 0072  0000000001110010 (  79)                 .FILL x0072
(3039) 0020  0000000000100000 (  79)                 .FILL x0020
(303A) 0070  0000000001110000 (  79)                 .FILL x0070
(303B) 0068  0000000001101000 (  79)                 .FILL x0068
(303C) 0072  0000000001110010 (  79)                 .FILL x0072
(303D) 0061  0000000001100001 (  79)                 .FILL x0061
(303E) 0073  0000000001110011 (  79)                 .FILL x0073
(303F) 0065  0000000001100101 (  79)                 .FILL x0065
(3040) 0020  0000000000100000 (  79)                 .FILL x0020
(3041) 000A  0000000000001010 (  79)                 .FILL x000A
(3042) 0000  0000000000000000 (  79)                 .FILL x0000
(3043) 000A  0000000000001010 (  80) ENCRYPTED       .FILL x000A
(3044) 0020  0000000000100000 (  80)                 .FILL x0020
(3045) 0048  0000000001001000 (  80)                 .FILL x0048
(3046) 0065  0000000001100101 (  80)                 .FILL x0065
(3047) 0072  0000000001110010 (  80)                 .FILL x0072
(3048) 0065  0000000001100101 (  80)                 .FILL x0065
(3049) 0020  0000000000100000 (  80)                 .FILL x0020
(304A) 0069  0000000001101001 (  80)                 .FILL x0069
(304B) 0073  0000000001110011 (  80)                 .FILL x0073
(304C) 0020  0000000000100000 (  80)                 .FILL x0020
(304D) 0079  0000000001111001 (  80)                 .FILL x0079
(304E) 006F  0000000001101111 (  80)                 .FILL x006F
(304F) 0075  0000000001110101 (  80)                 .FILL x0075
(3050) 0072  0000000001110010 (  80)                 .FILL x0072
(3051) 0020  0000000000100000 (  80)                 .FILL x0020
(3052) 0070  0000000001110000 (  80)                 .FILL x0070
(3053) 0068  0000000001101000 (  80)                 .FILL x0068
(3054) 0072  0000000001110010 (  80)                 .FILL x0072
(3055) 0061  0000000001100001 (  80)                 .FILL x0061
(3056) 0073  0000000001110011 (  80)                 .FILL x0073
(3057) 0065  0000000001100101 (  80)                 .FILL x0065
(3058) 0020  0000000000100000 (  80)                 .FILL x0020
(3059) 0065  0000000001100101 (  80)                 .FILL x0065
(305A) 006E  0000000001101110 (  80)                 .FILL x006E
(305B) 0063  0000000001100011 (  80)                 .FILL x0063
(305C) 0072  0000000001110010 (  80)                 .FILL x0072
(305D) 0079  0000000001111001 (  80)                 .FILL x0079
(305E) 0070  0000000001110000 (  80)                 .FILL x0070
(305F) 0074  0000000001110100 (  80)                 .FILL x0074
(3060) 0065  0000000001100101 (  80)                 .FILL x0065
(3061) 0064  0000000001100100 (  80)                 .FILL x0064
(3062) 0020  0000000000100000 (  80)                 .FILL x0020
(3063) 000A  0000000000001010 (  80)                 .FILL x000A
(3064) 0000  0000000000000000 (  80)                 .FILL x0000
(3065) 000A  0000000000001010 (  81) DECRYPTED       .FILL x000A
(3066) 0020  0000000000100000 (  81)                 .FILL x0020
(3067) 0048  0000000001001000 (  81)                 .FILL x0048
(3068) 0065  0000000001100101 (  81)                 .FILL x0065
(3069) 0072  0000000001110010 (  81)                 .FILL x0072
(306A) 0065  0000000001100101 (  81)                 .FILL x0065
(306B) 0020  0000000000100000 (  81)                 .FILL x0020
(306C) 0069  0000000001101001 (  81)                 .FILL x0069
(306D) 0073  0000000001110011 (  81)                 .FILL x0073
(306E) 0020  0000000000100000 (  81)                 .FILL x0020
(306F) 0079  0000000001111001 (  81)                 .FILL x0079
(3070) 006F  0000000001101111 (  81)                 .FILL x006F
(3071) 0075  0000000001110101 (  81)                 .FILL x0075
(3072) 0072  0000000001110010 (  81)                 .FILL x0072
(3073) 0020  0000000000100000 (  81)                 .FILL x0020
(3074) 0070  0000000001110000 (  81)                 .FILL x0070
(3075) 0068  0000000001101000 (  81)                 .FILL x0068
(3076) 0072  0000000001110010 (  81)                 .FILL x0072
(3077) 0061  0000000001100001 (  81)                 .FILL x0061
(3078) 0073  0000000001110011 (  81)                 .FILL x0073
(3079) 0065  0000000001100101 (  81)                 .FILL x0065
(307A) 0020  0000000000100000 (  81)                 .FILL x0020
(307B) 0064  0000000001100100 (  81)                 .FILL x0064
(307C) 0065  0000000001100101 (  81)                 .FILL x0065
(307D) 0063  0000000001100011 (  81)                 .FILL x0063
(307E) 0072  0000000001110010 (  81)                 .FILL x0072
(307F) 0079  0000000001111001 (  81)                 .FILL x0079
(3080) 0070  0000000001110000 (  81)                 .FILL x0070
(3081) 0074  0000000001110100 (  81)                 .FILL x0074
(3082) 0065  0000000001100101 (  81)                 .FILL x0065
(3083) 0064  0000000001100100 (  81)                 .FILL x0064
(3084) 0020  0000000000100000 (  81)                 .FILL x0020
(3085) 000A  0000000000001010 (  81)                 .FILL x000A
(3086) 0000  0000000000000000 (  81)                 .FILL x0000
(3087) 3E40  0011111001000000 (  93) INPUT           ST    R7 NEWSTORE
(3088) 223D  0010001000111101 (  94)                 LD    R1 XCHECK
(3089) E083  1110000010000011 (  99) EODLP           LEA   R0 ENTEOD
(308A) F022  1111000000100010 ( 100)                 TRAP  x22
(308B) F020  1111000000100000 ( 101)                 TRAP  x20
(308C) F021  1111000000100001 ( 102)                 TRAP  x21
(308D) 243D  0010010000111101 ( 106)                 LD    R2 D
(308E) 1602  0001011000000010 ( 107)                 ADD   R3 R0 R2
(308F) 0408  0000010000001000 ( 108)                 BRZ   EODOK
(3090) 14BF  0001010010111111 ( 113)                 ADD   R2 R2 #-1
(3091) 1602  0001011000000010 ( 114)                 ADD   R3 R0 R2
(3092) 0405  0000010000000101 ( 115)                 BRZ   EODOK
(3093) 1401  0001010000000001 ( 116)                 ADD   R2 R0 R1
(3094) 0597  0000010110010111 ( 117)                 BRZ   FINISH
(3095) E0AD  1110000010101101 ( 118)                 LEA   R0 INVALID
(3096) F022  1111000000100010 ( 119)                 TRAP  x22
(3097) 0FF1  0000111111110001 ( 120)                 BRNZP EODLP
(3098) 302E  0011000000101110 ( 122) EODOK           ST    R0 EOD
(3099) 5260  0101001001100000 ( 127) CIPHLP          AND   R1 R1 #0
(309A) 1269  0001001001101001 ( 128)                 ADD   R1 R1 #9
(309B) 5B60  0101101101100000 ( 130)                 AND   R5 R5 #0
(309C) 5DA0  0101110110100000 ( 131)                 AND   R6 R6 #0
(309D) E0CA  1110000011001010 ( 133)                 LEA   R0 ENTCIPHER
(309E) F022  1111000000100010 ( 134)                 TRAP  x22
(309F) F020  1111000000100000 ( 135)                 TRAP  x20
(30A0) F021  1111000000100001 ( 136)                 TRAP  x21
(30A1) 2428  0010010000101000 ( 139)                 LD    R2 NEGOFFSET
(30A2) 1002  0001000000000010 ( 140)                 ADD   R0 R0 R2
(30A3) 1A20  0001101000100000 ( 142)                 ADD   R5 R0 #0
(30A4) 1005  0001000000000101 ( 145) MULT            ADD   R0 R0 R5
(30A5) 127F  0001001001111111 ( 146)                 ADD   R1 R1 #-1
(30A6) 0BFD  0000101111111101 ( 147)                 BRNP  MULT
(30A7) 1C06  0001110000000110 ( 149)                 ADD   R6 R0 R6
(30A8) F020  1111000000100000 ( 151)                 TRAP  x20
(30A9) F021  1111000000100001 ( 152)                 TRAP  x21
(30AA) 1002  0001000000000010 ( 156)                 ADD   R0 R0 R2
(30AB) 1C06  0001110000000110 ( 157)                 ADD   R6 R0 R6
(30AC) 17BF  0001011110111111 ( 161)                 ADD   R3 R6 #-1
(30AD) 0805  0000100000000101 ( 162)                 BRN   CIPHWRG
(30AE) 241A  0010010000011010 ( 164)                 LD    R2 TWENTYFIVE
(30AF) 1782  0001011110000010 ( 165)                 ADD   R3 R6 R2
(30B0) 0202  0000001000000010 ( 166)                 BRP   CIPHWRG
(30B1) 3C5A  0011110001011010 ( 168)                 ST    R6 CIPHER
(30B2) 0E03  0000111000000011 ( 170)                 BRNZP INNEXT
(30B3) E08F  1110000010001111 ( 175) CIPHWRG         LEA   R0 INVALID
(30B4) F022  1111000000100010 ( 176)                 TRAP  x22
(30B5) 0FE3  0000111111100011 ( 177)                 BRNZP CIPHLP
(30B6) E02F  1110000000101111 ( 186) INNEXT          LEA   R0 ENTNUM
(30B7) F022  1111000000100010 ( 187)                 TRAP  x22
(30B8) 56E0  0101011011100000 ( 188)                 AND   R3 R3 #0
(30B9) F020  1111000000100000 ( 193) INLOOP          TRAP  x20
(30BA) F021  1111000000100001 ( 194)                 TRAP  x21
(30BB) 1436  0001010000110110 ( 195)                 ADD   R2 R0 #-10
(30BC) 0405  0000010000000101 ( 196)                 BRZ   INDONE
(30BD) 5920  0101100100100000 ( 200)                 AND   R4 R4 #0
(30BE) 384B  0011100001001011 ( 201)                 ST    R4 ROWNUM
(30BF) 492D  0100100100101101 ( 202)                 JSR   STORE
(30C0) 16E1  0001011011100001 ( 207)                 ADD   R3 R3 #1
(30C1) 0FF7  0000111111110111 ( 208)                 BRNZP INLOOP
(30C2) 16FF  0001011011111111 ( 210) INDONE          ADD   R3 R3 #-1
(30C3) 3647  0011011001000111 ( 211)                 ST    R3 NUMSIZE
(30C4) 2E03  0010111000000011 ( 212)                 LD    R7 NEWSTORE
(30C5) C1C0  1100000111000000 ( 213)                 RET   
(30C6) FFA8  1111111110101000 ( 216) XCHECK          .FILL xFFA8
(30C7) 0000  0000000000000000 ( 217) EOD             .FILL x0000
(30C8) 0000  0000000000000000 ( 218) NEWSTORE        .FILL x0000
(30C9) FFE7  1111111111100111 ( 219) TWENTYFIVE      .FILL xFFE7
(30CA) FFD0  1111111111010000 ( 220) NEGOFFSET       .FILL xFFD0
(30CB) FFBC  1111111110111100 ( 221) D               .FILL xFFBC
(30CC) 000A  0000000000001010 ( 222) GREETING        .FILL x000A
(30CD) 0020  0000000000100000 ( 222)                 .FILL x0020
(30CE) 0043  0000000001000011 ( 222)                 .FILL x0043
(30CF) 0061  0000000001100001 ( 222)                 .FILL x0061
(30D0) 0065  0000000001100101 ( 222)                 .FILL x0065
(30D1) 0073  0000000001110011 ( 222)                 .FILL x0073
(30D2) 0061  0000000001100001 ( 222)                 .FILL x0061
(30D3) 0072  0000000001110010 ( 222)                 .FILL x0072
(30D4) 0020  0000000000100000 ( 222)                 .FILL x0020
(30D5) 0043  0000000001000011 ( 222)                 .FILL x0043
(30D6) 0069  0000000001101001 ( 222)                 .FILL x0069
(30D7) 0070  0000000001110000 ( 222)                 .FILL x0070
(30D8) 0068  0000000001101000 ( 222)                 .FILL x0068
(30D9) 0065  0000000001100101 ( 222)                 .FILL x0065
(30DA) 0072  0000000001110010 ( 222)                 .FILL x0072
(30DB) 0020  0000000000100000 ( 222)                 .FILL x0020
(30DC) 0050  0000000001010000 ( 222)                 .FILL x0050
(30DD) 0072  0000000001110010 ( 222)                 .FILL x0072
(30DE) 006F  0000000001101111 ( 222)                 .FILL x006F
(30DF) 0067  0000000001100111 ( 222)                 .FILL x0067
(30E0) 0072  0000000001110010 ( 222)                 .FILL x0072
(30E1) 0061  0000000001100001 ( 222)                 .FILL x0061
(30E2) 006D  0000000001101101 ( 222)                 .FILL x006D
(30E3) 0020  0000000000100000 ( 222)                 .FILL x0020
(30E4) 000A  0000000000001010 ( 222)                 .FILL x000A
(30E5) 0000  0000000000000000 ( 222)                 .FILL x0000
(30E6) 000A  0000000000001010 ( 223) ENTNUM          .FILL x000A
(30E7) 0020  0000000000100000 ( 223)                 .FILL x0020
(30E8) 0045  0000000001000101 ( 223)                 .FILL x0045
(30E9) 006E  0000000001101110 ( 223)                 .FILL x006E
(30EA) 0074  0000000001110100 ( 223)                 .FILL x0074
(30EB) 0065  0000000001100101 ( 223)                 .FILL x0065
(30EC) 0072  0000000001110010 ( 223)                 .FILL x0072
(30ED) 0020  0000000000100000 ( 223)                 .FILL x0020
(30EE) 0061  0000000001100001 ( 223)                 .FILL x0061
(30EF) 0020  0000000000100000 ( 223)                 .FILL x0020
(30F0) 0070  0000000001110000 ( 223)                 .FILL x0070
(30F1) 0068  0000000001101000 ( 223)                 .FILL x0068
(30F2) 0072  0000000001110010 ( 223)                 .FILL x0072
(30F3) 0061  0000000001100001 ( 223)                 .FILL x0061
(30F4) 0073  0000000001110011 ( 223)                 .FILL x0073
(30F5) 0065  0000000001100101 ( 223)                 .FILL x0065
(30F6) 0020  0000000000100000 ( 223)                 .FILL x0020
(30F7) 0074  0000000001110100 ( 223)                 .FILL x0074
(30F8) 006F  0000000001101111 ( 223)                 .FILL x006F
(30F9) 0020  0000000000100000 ( 223)                 .FILL x0020
(30FA) 0062  0000000001100010 ( 223)                 .FILL x0062
(30FB) 0065  0000000001100101 ( 223)                 .FILL x0065
(30FC) 0020  0000000000100000 ( 223)                 .FILL x0020
(30FD) 0063  0000000001100011 ( 223)                 .FILL x0063
(30FE) 006F  0000000001101111 ( 223)                 .FILL x006F
(30FF) 006E  0000000001101110 ( 223)                 .FILL x006E
(3100) 0076  0000000001110110 ( 223)                 .FILL x0076
(3101) 0065  0000000001100101 ( 223)                 .FILL x0065
(3102) 0072  0000000001110010 ( 223)                 .FILL x0072
(3103) 0074  0000000001110100 ( 223)                 .FILL x0074
(3104) 0065  0000000001100101 ( 223)                 .FILL x0065
(3105) 0064  0000000001100100 ( 223)                 .FILL x0064
(3106) 002E  0000000000101110 ( 223)                 .FILL x002E
(3107) 0020  0000000000100000 ( 223)                 .FILL x0020
(3108) 000A  0000000000001010 ( 223)                 .FILL x000A
(3109) 0000  0000000000000000 ( 223)                 .FILL x0000
(310A) 0000  0000000000000000 ( 224) ROWNUM          .FILL x0000
(310B) 0000  0000000000000000 ( 225) NUMSIZE         .FILL x0000
(310C) 0000  0000000000000000 ( 226) CIPHER          .FILL x0000
(310D) 0044  0000000001000100 ( 227) ENTEOD          .FILL x0044
(310E) 006F  0000000001101111 ( 227)                 .FILL x006F
(310F) 0020  0000000000100000 ( 227)                 .FILL x0020
(3110) 0079  0000000001111001 ( 227)                 .FILL x0079
(3111) 006F  0000000001101111 ( 227)                 .FILL x006F
(3112) 0075  0000000001110101 ( 227)                 .FILL x0075
(3113) 0020  0000000000100000 ( 227)                 .FILL x0020
(3114) 0077  0000000001110111 ( 227)                 .FILL x0077
(3115) 0061  0000000001100001 ( 227)                 .FILL x0061
(3116) 006E  0000000001101110 ( 227)                 .FILL x006E
(3117) 0074  0000000001110100 ( 227)                 .FILL x0074
(3118) 0020  0000000000100000 ( 227)                 .FILL x0020
(3119) 0074  0000000001110100 ( 227)                 .FILL x0074
(311A) 006F  0000000001101111 ( 227)                 .FILL x006F
(311B) 0020  0000000000100000 ( 227)                 .FILL x0020
(311C) 0028  0000000000101000 ( 227)                 .FILL x0028
(311D) 0045  0000000001000101 ( 227)                 .FILL x0045
(311E) 0029  0000000000101001 ( 227)                 .FILL x0029
(311F) 004E  0000000001001110 ( 227)                 .FILL x004E
(3120) 0043  0000000001000011 ( 227)                 .FILL x0043
(3121) 0052  0000000001010010 ( 227)                 .FILL x0052
(3122) 0059  0000000001011001 ( 227)                 .FILL x0059
(3123) 0050  0000000001010000 ( 227)                 .FILL x0050
(3124) 0054  0000000001010100 ( 227)                 .FILL x0054
(3125) 0020  0000000000100000 ( 227)                 .FILL x0020
(3126) 006F  0000000001101111 ( 227)                 .FILL x006F
(3127) 0072  0000000001110010 ( 227)                 .FILL x0072
(3128) 0020  0000000000100000 ( 227)                 .FILL x0020
(3129) 0028  0000000000101000 ( 227)                 .FILL x0028
(312A) 0044  0000000001000100 ( 227)                 .FILL x0044
(312B) 0029  0000000000101001 ( 227)                 .FILL x0029
(312C) 0045  0000000001000101 ( 227)                 .FILL x0045
(312D) 0043  0000000001000011 ( 227)                 .FILL x0043
(312E) 0052  0000000001010010 ( 227)                 .FILL x0052
(312F) 0059  0000000001011001 ( 227)                 .FILL x0059
(3130) 0050  0000000001010000 ( 227)                 .FILL x0050
(3131) 0054  0000000001010100 ( 227)                 .FILL x0054
(3132) 002C  0000000000101100 ( 227)                 .FILL x002C
(3133) 0020  0000000000100000 ( 227)                 .FILL x0020
(3134) 006F  0000000001101111 ( 227)                 .FILL x006F
(3135) 0072  0000000001110010 ( 227)                 .FILL x0072
(3136) 0020  0000000000100000 ( 227)                 .FILL x0020
(3137) 0058  0000000001011000 ( 227)                 .FILL x0058
(3138) 0020  0000000000100000 ( 227)                 .FILL x0020
(3139) 0074  0000000001110100 ( 227)                 .FILL x0074
(313A) 006F  0000000001101111 ( 227)                 .FILL x006F
(313B) 0020  0000000000100000 ( 227)                 .FILL x0020
(313C) 0071  0000000001110001 ( 227)                 .FILL x0071
(313D) 0075  0000000001110101 ( 227)                 .FILL x0075
(313E) 0069  0000000001101001 ( 227)                 .FILL x0069
(313F) 0074  0000000001110100 ( 227)                 .FILL x0074
(3140) 0020  0000000000100000 ( 227)                 .FILL x0020
(3141) 000A  0000000000001010 ( 227)                 .FILL x000A
(3142) 0000  0000000000000000 ( 227)                 .FILL x0000
(3143) 000A  0000000000001010 ( 228) INVALID         .FILL x000A
(3144) 0020  0000000000100000 ( 228)                 .FILL x0020
(3145) 0049  0000000001001001 ( 228)                 .FILL x0049
(3146) 006E  0000000001101110 ( 228)                 .FILL x006E
(3147) 0076  0000000001110110 ( 228)                 .FILL x0076
(3148) 0061  0000000001100001 ( 228)                 .FILL x0061
(3149) 006C  0000000001101100 ( 228)                 .FILL x006C
(314A) 0069  0000000001101001 ( 228)                 .FILL x0069
(314B) 0064  0000000001100100 ( 228)                 .FILL x0064
(314C) 0020  0000000000100000 ( 228)                 .FILL x0020
(314D) 0069  0000000001101001 ( 228)                 .FILL x0069
(314E) 006E  0000000001101110 ( 228)                 .FILL x006E
(314F) 0070  0000000001110000 ( 228)                 .FILL x0070
(3150) 0075  0000000001110101 ( 228)                 .FILL x0075
(3151) 0074  0000000001110100 ( 228)                 .FILL x0074
(3152) 0020  0000000000100000 ( 228)                 .FILL x0020
(3153) 0070  0000000001110000 ( 228)                 .FILL x0070
(3154) 006C  0000000001101100 ( 228)                 .FILL x006C
(3155) 0065  0000000001100101 ( 228)                 .FILL x0065
(3156) 0061  0000000001100001 ( 228)                 .FILL x0061
(3157) 0073  0000000001110011 ( 228)                 .FILL x0073
(3158) 0065  0000000001100101 ( 228)                 .FILL x0065
(3159) 0020  0000000000100000 ( 228)                 .FILL x0020
(315A) 0065  0000000001100101 ( 228)                 .FILL x0065
(315B) 006E  0000000001101110 ( 228)                 .FILL x006E
(315C) 0074  0000000001110100 ( 228)                 .FILL x0074
(315D) 0065  0000000001100101 ( 228)                 .FILL x0065
(315E) 0072  0000000001110010 ( 228)                 .FILL x0072
(315F) 0020  0000000000100000 ( 228)                 .FILL x0020
(3160) 0061  0000000001100001 ( 228)                 .FILL x0061
(3161) 0067  0000000001100111 ( 228)                 .FILL x0067
(3162) 0061  0000000001100001 ( 228)                 .FILL x0061
(3163) 0069  0000000001101001 ( 228)                 .FILL x0069
(3164) 006E  0000000001101110 ( 228)                 .FILL x006E
(3165) 0020  0000000000100000 ( 228)                 .FILL x0020
(3166) 000A  0000000000001010 ( 228)                 .FILL x000A
(3167) 0000  0000000000000000 ( 228)                 .FILL x0000
(3168) 000A  0000000000001010 ( 229) ENTCIPHER       .FILL x000A
(3169) 0020  0000000000100000 ( 229)                 .FILL x0020
(316A) 0045  0000000001000101 ( 229)                 .FILL x0045
(316B) 006E  0000000001101110 ( 229)                 .FILL x006E
(316C) 0074  0000000001110100 ( 229)                 .FILL x0074
(316D) 0065  0000000001100101 ( 229)                 .FILL x0065
(316E) 0072  0000000001110010 ( 229)                 .FILL x0072
(316F) 0020  0000000000100000 ( 229)                 .FILL x0020
(3170) 0079  0000000001111001 ( 229)                 .FILL x0079
(3171) 006F  0000000001101111 ( 229)                 .FILL x006F
(3172) 0075  0000000001110101 ( 229)                 .FILL x0075
(3173) 0072  0000000001110010 ( 229)                 .FILL x0072
(3174) 0020  0000000000100000 ( 229)                 .FILL x0020
(3175) 0063  0000000001100011 ( 229)                 .FILL x0063
(3176) 0069  0000000001101001 ( 229)                 .FILL x0069
(3177) 0070  0000000001110000 ( 229)                 .FILL x0070
(3178) 0068  0000000001101000 ( 229)                 .FILL x0068
(3179) 0065  0000000001100101 ( 229)                 .FILL x0065
(317A) 0072  0000000001110010 ( 229)                 .FILL x0072
(317B) 002E  0000000000101110 ( 229)                 .FILL x002E
(317C) 0020  0000000000100000 ( 229)                 .FILL x0020
(317D) 000A  0000000000001010 ( 229)                 .FILL x000A
(317E) 0000  0000000000000000 ( 229)                 .FILL x0000
(317F) 00C8  0000000011001000 ( 230) COLNUM          .FILL x00C8
(3180) 3E32  0011111000110010 ( 239) ENCRYPT         ST    R7 PCSTORE
(3181) 5920  0101100100100000 ( 240)                 AND   R4 R4 #0
(3182) 38A4  0011100010100100 ( 241)                 ST    R4 STORELOCATION
(3183) 2B87  0010101110000111 ( 242)                 LD    R5 NUMSIZE
(3184) 2987  0010100110000111 ( 245) ENCBEGIN        LD    R4 CIPHER
(3185) 3A2C  0011101000101100 ( 246)                 ST    R5 TEMPCOUNT
(3186) 4884  0100100010000100 ( 247)                 JSR   LOAD
(3187) 222D  0010001000101101 ( 254)                 LD    R1 A
(3188) 1581  0001010110000001 ( 255)                 ADD   R2 R6 R1
(3189) 080D  0000100000001101 ( 256)                 BRN   LOWERCHECK
(318A) 222C  0010001000101100 ( 258)                 LD    R1 Z
(318B) 1581  0001010110000001 ( 259)                 ADD   R2 R6 R1
(318C) 020A  0000001000001010 ( 260)                 BRP   LOWERCHECK
(318D) 1706  0001011100000110 ( 267)                 ADD   R3 R4 R6
(318E) 1443  0001010001000011 ( 268)                 ADD   R2 R1 R3
(318F) 0C04  0000110000000100 ( 269)                 BRNZ  UPPEROKAY
(3190) 2223  0010001000100011 ( 271)                 LD    R1 ALPHABET
(3191) 1701  0001011100000001 ( 272)                 ADD   R3 R4 R1
(3192) 1183  0001000110000011 ( 273)                 ADD   R0 R6 R3
(3193) 0E15  0000111000010101 ( 274)                 BRNZP ENCFIN
(3194) 5020  0101000000100000 ( 277) UPPEROKAY       AND   R0 R0 #0
(3195) 10E0  0001000011100000 ( 278)                 ADD   R0 R3 #0
(3196) 0E12  0000111000010010 ( 279)                 BRNZP ENCFIN
(3197) 221E  0010001000011110 ( 287) LOWERCHECK      LD    R1 a
(3198) 1581  0001010110000001 ( 288)                 ADD   R2 R6 R1
(3199) 080D  0000100000001101 ( 289)                 BRN   ENCALPHABET
(319A) 221D  0010001000011101 ( 290)                 LD    R1 z
(319B) 1581  0001010110000001 ( 291)                 ADD   R2 R6 R1
(319C) 020A  0000001000001010 ( 292)                 BRP   ENCALPHABET
(319D) 1706  0001011100000110 ( 296)                 ADD   R3 R4 R6
(319E) 1443  0001010001000011 ( 297)                 ADD   R2 R1 R3
(319F) 0C04  0000110000000100 ( 298)                 BRNZ  LOWEROKAY
(31A0) 2213  0010001000010011 ( 300)                 LD    R1 ALPHABET
(31A1) 1701  0001011100000001 ( 301)                 ADD   R3 R4 R1
(31A2) 1183  0001000110000011 ( 302)                 ADD   R0 R6 R3
(31A3) 0E05  0000111000000101 ( 303)                 BRNZP ENCFIN
(31A4) 5020  0101000000100000 ( 306) LOWEROKAY       AND   R0 R0 #0
(31A5) 10E0  0001000011100000 ( 307)                 ADD   R0 R3 #0
(31A6) 0E02  0000111000000010 ( 308)                 BRNZP ENCFIN
(31A7) 5020  0101000000100000 ( 314) ENCALPHABET     AND   R0 R0 #0
(31A8) 11A0  0001000110100000 ( 315)                 ADD   R0 R6 #0
(31A9) 5B60  0101101101100000 ( 319) ENCFIN          AND   R5 R5 #0
(31AA) 1B61  0001101101100001 ( 320)                 ADD   R5 R5 #1
(31AB) 3B5E  0011101101011110 ( 321)                 ST    R5 ROWNUM
(31AC) 4840  0100100001000000 ( 322)                 JSR   STORE
(31AD) 2A04  0010101000000100 ( 325)                 LD    R5 TEMPCOUNT
(31AE) 1B7F  0001101101111111 ( 326)                 ADD   R5 R5 #-1
(31AF) 0BD4  0000101111010100 ( 327)                 BRNP  ENCBEGIN
(31B0) 2E02  0010111000000010 ( 328)                 LD    R7 PCSTORE
(31B1) C1C0  1100000111000000 ( 329)                 RET   
(31B2) 0000  0000000000000000 ( 331) TEMPCOUNT       .FILL x0000
(31B3) 0000  0000000000000000 ( 332) PCSTORE         .FILL x0000
(31B4) FFE6  1111111111100110 ( 333) ALPHABET        .FILL xFFE6
(31B5) FFBF  1111111110111111 ( 334) A               .FILL xFFBF
(31B6) FF9F  1111111110011111 ( 335) a               .FILL xFF9F
(31B7) FFA6  1111111110100110 ( 336) Z               .FILL xFFA6
(31B8) FF86  1111111110000110 ( 337) z               .FILL xFF86
(31B9) 3FF9  0011111111111001 ( 350) DECRYPT         ST    R7 PCSTORE
(31BA) 5B60  0101101101100000 ( 351)                 AND   R5 R5 #0
(31BB) 3A6B  0011101001101011 ( 352)                 ST    R5 STORELOCATION
(31BC) 2B4E  0010101101001110 ( 353)                 LD    R5 NUMSIZE
(31BD) 3BF4  0011101111110100 ( 356) DECBEGIN        ST    R5 TEMPCOUNT
(31BE) 294D  0010100101001101 ( 357)                 LD    R4 CIPHER
(31BF) 993F  1001100100111111 ( 359)                 NOT   R4 R4
(31C0) 1921  0001100100100001 ( 360)                 ADD   R4 R4 #1
(31C1) 4849  0100100001001001 ( 364)                 JSR   LOAD
(31C2) 23F2  0010001111110010 ( 371)                 LD    R1 A
(31C3) 1581  0001010110000001 ( 372)                 ADD   R2 R6 R1
(31C4) 080D  0000100000001101 ( 373)                 BRN   DECLOWER
(31C5) 23F1  0010001111110001 ( 375)                 LD    R1 Z
(31C6) 1581  0001010110000001 ( 376)                 ADD   R2 R6 R1
(31C7) 020A  0000001000001010 ( 377)                 BRP   DECLOWER
(31C8) 23EC  0010001111101100 ( 386)                 LD    R1 A
(31C9) 1184  0001000110000100 ( 387)                 ADD   R0 R6 R4
(31CA) 1401  0001010000000001 ( 388)                 ADD   R2 R0 R1
(31CB) 0618  0000011000011000 ( 389)                 BRZP  DECFIN
(31CC) 23E7  0010001111100111 ( 391)                 LD    R1 ALPHABET
(31CD) 927F  1001001001111111 ( 392)                 NOT   R1 R1
(31CE) 1261  0001001001100001 ( 393)                 ADD   R1 R1 #1
(31CF) 1844  0001100001000100 ( 394)                 ADD   R4 R1 R4
(31D0) 1184  0001000110000100 ( 395)                 ADD   R0 R6 R4
(31D1) 0E12  0000111000010010 ( 396)                 BRNZP DECFIN
(31D2) 23E3  0010001111100011 ( 405) DECLOWER        LD    R1 a
(31D3) 1581  0001010110000001 ( 406)                 ADD   R2 R6 R1
(31D4) 080D  0000100000001101 ( 407)                 BRN   DECALPHABET
(31D5) 23E2  0010001111100010 ( 409)                 LD    R1 z
(31D6) 1581  0001010110000001 ( 410)                 ADD   R2 R6 R1
(31D7) 020A  0000001000001010 ( 411)                 BRP   DECALPHABET
(31D8) 23DD  0010001111011101 ( 415)                 LD    R1 a
(31D9) 1184  0001000110000100 ( 416)                 ADD   R0 R6 R4
(31DA) 1401  0001010000000001 ( 417)                 ADD   R2 R0 R1
(31DB) 0608  0000011000001000 ( 418)                 BRZP  DECFIN
(31DC) 23D7  0010001111010111 ( 420)                 LD    R1 ALPHABET
(31DD) 927F  1001001001111111 ( 421)                 NOT   R1 R1
(31DE) 1261  0001001001100001 ( 422)                 ADD   R1 R1 #1
(31DF) 1844  0001100001000100 ( 423)                 ADD   R4 R1 R4
(31E0) 1184  0001000110000100 ( 424)                 ADD   R0 R6 R4
(31E1) 0E02  0000111000000010 ( 425)                 BRNZP DECFIN
(31E2) 5020  0101000000100000 ( 431) DECALPHABET     AND   R0 R0 #0
(31E3) 11A0  0001000110100000 ( 432)                 ADD   R0 R6 #0
(31E4) 5B60  0101101101100000 ( 436) DECFIN          AND   R5 R5 #0
(31E5) 1B61  0001101101100001 ( 437)                 ADD   R5 R5 #1
(31E6) 3B23  0011101100100011 ( 438)                 ST    R5 ROWNUM
(31E7) 4805  0100100000000101 ( 439)                 JSR   STORE
(31E8) 2BC9  0010101111001001 ( 440)                 LD    R5 TEMPCOUNT
(31E9) 1B7F  0001101101111111 ( 441)                 ADD   R5 R5 #-1
(31EA) 0BD2  0000101111010010 ( 442)                 BRNP  DECBEGIN
(31EB) 2FC7  0010111111000111 ( 443)                 LD    R7 PCSTORE
(31EC) C1C0  1100000111000000 ( 444)                 RET   
(31ED) E23F  1110001000111111 ( 456) STORE           LEA   R1 STORAGE
(31EE) 251B  0010010100011011 ( 458)                 LD    R2 ROWNUM
(31EF) 2637  0010011000110111 ( 460)                 LD    R3 STORELOCATION
(31F0) 14BF  0001010010111111 ( 463)                 ADD   R2 R2 #-1
(31F1) 0A02  0000101000000010 ( 464)                 BRNP  STNEXT
(31F2) 298C  0010100110001100 ( 466)                 LD    R4 COLNUM
(31F3) 1244  0001001001000100 ( 467)                 ADD   R1 R1 R4
(31F4) 1243  0001001001000011 ( 472) STNEXT          ADD   R1 R1 R3
(31F5) 7040  0111000001000000 ( 473)                 STR   R0 R1 #0
(31F6) 16E1  0001011011100001 ( 476)                 ADD   R3 R3 #1
(31F7) 362F  0011011000101111 ( 477)                 ST    R3 STORELOCATION
(31F8) C1C0  1100000111000000 ( 479)                 RET   
(31F9) 3030  0011000000110000 ( 487) OUTPUT          ST    R0 TEMPVAR0
(31FA) 3230  0011001000110000 ( 488)                 ST    R1 TEMPVAR1
(31FB) 3430  0011010000110000 ( 489)                 ST    R2 TEMPVAR2
(31FC) 3FB6  0011111110110110 ( 490)                 ST    R7 PCSTORE
(31FD) E02F  1110000000101111 ( 491)                 LEA   R0 STORAGE
(31FE) 2380  0010001110000000 ( 492)                 LD    R1 COLNUM
(31FF) 250A  0010010100001010 ( 493)                 LD    R2 ROWNUM
(3200) 14BF  0001010010111111 ( 499)                 ADD   R2 R2 #-1
(3201) 0402  0000010000000010 ( 500)                 BRZ   ROW1
(3202) F022  1111000000100010 ( 501)                 TRAP  x22
(3203) 0E02  0000111000000010 ( 502)                 BRNZP OUTEND
(3204) 1001  0001000000000001 ( 504) ROW1            ADD   R0 R0 R1
(3205) F022  1111000000100010 ( 505)                 TRAP  x22
(3206) 2023  0010000000100011 ( 507) OUTEND          LD    R0 TEMPVAR0
(3207) 2223  0010001000100011 ( 508)                 LD    R1 TEMPVAR1
(3208) 2423  0010010000100011 ( 509)                 LD    R2 TEMPVAR2
(3209) 2FA9  0010111110101001 ( 510)                 LD    R7 PCSTORE
(320A) C1C0  1100000111000000 ( 511)                 RET   
(320B) E221  1110001000100001 ( 522) LOAD            LEA   R1 STORAGE
(320C) 241B  0010010000011011 ( 524)                 LD    R2 LOADLOCATION
(320D) 1242  0001001001000010 ( 527)                 ADD   R1 R1 R2
(320E) 6C40  0110110001000000 ( 528)                 LDR   R6 R1 #0
(320F) 14A1  0001010010100001 ( 530)                 ADD   R2 R2 #1
(3210) 3417  0011010000010111 ( 531)                 ST    R2 LOADLOCATION
(3211) C1C0  1100000111000000 ( 533)                 RET   
(3212) E01A  1110000000011010 ( 540) CLEAR_ARRAY     LEA   R0 STORAGE
(3213) 5260  0101001001100000 ( 542)                 AND   R1 R1 #0
(3214) 54A0  0101010010100000 ( 543)                 AND   R2 R2 #0
(3215) 3411  0011010000010001 ( 547)                 ST    R2 STORELOCATION
(3216) 3411  0011010000010001 ( 548)                 ST    R2 LOADLOCATION
(3217) 2767  0010011101100111 ( 550)                 LD    R3 COLNUM
(3218) 6200  0110001000000000 ( 555) CLEAR0          LDR   R1 R0 #0
(3219) 1260  0001001001100000 ( 556)                 ADD   R1 R1 #0
(321A) 0403  0000010000000011 ( 557)                 BRZ   ROW_ZERO_CLEARED
(321B) 7400  0111010000000000 ( 558)                 STR   R2 R0 #0
(321C) 1021  0001000000100001 ( 559)                 ADD   R0 R0 #1
(321D) 0FFA  0000111111111010 ( 560)                 BRNZP CLEAR0
(321E) E00E  1110000000001110 ( 565) ROW_ZERO_CLEARED LEA   R0 STORAGE
(321F) 1003  0001000000000011 ( 566)                 ADD   R0 R0 R3
(3220) 6200  0110001000000000 ( 567) CLEAR1          LDR   R1 R0 #0
(3221) 1260  0001001001100000 ( 568)                 ADD   R1 R1 #0
(3222) 0403  0000010000000011 ( 569)                 BRZ   CLEARED
(3223) 7400  0111010000000000 ( 570)                 STR   R2 R0 #0
(3224) 1021  0001000000100001 ( 571)                 ADD   R0 R0 #1
(3225) 0FFA  0000111111111010 ( 572)                 BRNZP CLEAR1
(3226) C1C0  1100000111000000 ( 574) CLEARED         RET   
(3227) 0000  0000000000000000 ( 576) STORELOCATION   .FILL x0000
(3228) 0000  0000000000000000 ( 577) LOADLOCATION    .FILL x0000
(3229) 000A  0000000000001010 ( 578) NEWLINE         .FILL x000A
(322A) 0000  0000000000000000 ( 579) TEMPVAR0        .FILL x0000
(322B) 0000  0000000000000000 ( 580) TEMPVAR1        .FILL x0000
(322C) 0000  0000000000000000 ( 581) TEMPVAR2        .FILL x0000
(322D) 0000  0000000000000000 ( 584) STORAGE         .FILL x0000
(322E) 0000  0000000000000000 ( 584)                 .FILL x0000
(322F) 0000  0000000000000000 ( 584)                 .FILL x0000
(3230) 0000  0000000000000000 ( 584)                 .FILL x0000
(3231) 0000  0000000000000000 ( 584)                 .FILL x0000
(3232) 0000  0000000000000000 ( 584)                 .FILL x0000
(3233) 0000  0000000000000000 ( 584)                 .FILL x0000
(3234) 0000  0000000000000000 ( 584)                 .FILL x0000
(3235) 0000  0000000000000000 ( 584)                 .FILL x0000
(3236) 0000  0000000000000000 ( 584)                 .FILL x0000
(3237) 0000  0000000000000000 ( 584)                 .FILL x0000
(3238) 0000  0000000000000000 ( 584)                 .FILL x0000
(3239) 0000  0000000000000000 ( 584)                 .FILL x0000
(323A) 0000  0000000000000000 ( 584)                 .FILL x0000
(323B) 0000  0000000000000000 ( 584)                 .FILL x0000
(323C) 0000  0000000000000000 ( 584)                 .FILL x0000
(323D) 0000  0000000000000000 ( 584)                 .FILL x0000
(323E) 0000  0000000000000000 ( 584)                 .FILL x0000
(323F) 0000  0000000000000000 ( 584)                 .FILL x0000
(3240) 0000  0000000000000000 ( 584)                 .FILL x0000
(3241) 0000  0000000000000000 ( 584)                 .FILL x0000
(3242) 0000  0000000000000000 ( 584)                 .FILL x0000
(3243) 0000  0000000000000000 ( 584)                 .FILL x0000
(3244) 0000  0000000000000000 ( 584)                 .FILL x0000
(3245) 0000  0000000000000000 ( 584)                 .FILL x0000
(3246) 0000  0000000000000000 ( 584)                 .FILL x0000
(3247) 0000  0000000000000000 ( 584)                 .FILL x0000
(3248) 0000  0000000000000000 ( 584)                 .FILL x0000
(3249) 0000  0000000000000000 ( 584)                 .FILL x0000
(324A) 0000  0000000000000000 ( 584)                 .FILL x0000
(324B) 0000  0000000000000000 ( 584)                 .FILL x0000
(324C) 0000  0000000000000000 ( 584)                 .FILL x0000
(324D) 0000  0000000000000000 ( 584)                 .FILL x0000
(324E) 0000  0000000000000000 ( 584)                 .FILL x0000
(324F) 0000  0000000000000000 ( 584)                 .FILL x0000
(3250) 0000  0000000000000000 ( 584)                 .FILL x0000
(3251) 0000  0000000000000000 ( 584)                 .FILL x0000
(3252) 0000  0000000000000000 ( 584)                 .FILL x0000
(3253) 0000  0000000000000000 ( 584)                 .FILL x0000
(3254) 0000  0000000000000000 ( 584)                 .FILL x0000
(3255) 0000  0000000000000000 ( 584)                 .FILL x0000
(3256) 0000  0000000000000000 ( 584)                 .FILL x0000
(3257) 0000  0000000000000000 ( 584)                 .FILL x0000
(3258) 0000  0000000000000000 ( 584)                 .FILL x0000
(3259) 0000  0000000000000000 ( 584)                 .FILL x0000
(325A) 0000  0000000000000000 ( 584)                 .FILL x0000
(325B) 0000  0000000000000000 ( 584)                 .FILL x0000
(325C) 0000  0000000000000000 ( 584)                 .FILL x0000
(325D) 0000  0000000000000000 ( 584)                 .FILL x0000
(325E) 0000  0000000000000000 ( 584)                 .FILL x0000
(325F) 0000  0000000000000000 ( 584)                 .FILL x0000
(3260) 0000  0000000000000000 ( 584)                 .FILL x0000
(3261) 0000  0000000000000000 ( 584)                 .FILL x0000
(3262) 0000  0000000000000000 ( 584)                 .FILL x0000
(3263) 0000  0000000000000000 ( 584)                 .FILL x0000
(3264) 0000  0000000000000000 ( 584)                 .FILL x0000
(3265) 0000  0000000000000000 ( 584)                 .FILL x0000
(3266) 0000  0000000000000000 ( 584)                 .FILL x0000
(3267) 0000  0000000000000000 ( 584)                 .FILL x0000
(3268) 0000  0000000000000000 ( 584)                 .FILL x0000
(3269) 0000  0000000000000000 ( 584)                 .FILL x0000
(326A) 0000  0000000000000000 ( 584)                 .FILL x0000
(326B) 0000  0000000000000000 ( 584)                 .FILL x0000
(326C) 0000  0000000000000000 ( 584)                 .FILL x0000
(326D) 0000  0000000000000000 ( 584)                 .FILL x0000
(326E) 0000  0000000000000000 ( 584)                 .FILL x0000
(326F) 0000  0000000000000000 ( 584)                 .FILL x0000
(3270) 0000  0000000000000000 ( 584)                 .FILL x0000
(3271) 0000  0000000000000000 ( 584)                 .FILL x0000
(3272) 0000  0000000000000000 ( 584)                 .FILL x0000
(3273) 0000  0000000000000000 ( 584)                 .FILL x0000
(3274) 0000  0000000000000000 ( 584)                 .FILL x0000
(3275) 0000  0000000000000000 ( 584)                 .FILL x0000
(3276) 0000  0000000000000000 ( 584)                 .FILL x0000
(3277) 0000  0000000000000000 ( 584)                 .FILL x0000
(3278) 0000  0000000000000000 ( 584)                 .FILL x0000
(3279) 0000  0000000000000000 ( 584)                 .FILL x0000
(327A) 0000  0000000000000000 ( 584)                 .FILL x0000
(327B) 0000  0000000000000000 ( 584)                 .FILL x0000
(327C) 0000  0000000000000000 ( 584)                 .FILL x0000
(327D) 0000  0000000000000000 ( 584)                 .FILL x0000
(327E) 0000  0000000000000000 ( 584)                 .FILL x0000
(327F) 0000  0000000000000000 ( 584)                 .FILL x0000
(3280) 0000  0000000000000000 ( 584)                 .FILL x0000
(3281) 0000  0000000000000000 ( 584)                 .FILL x0000
(3282) 0000  0000000000000000 ( 584)                 .FILL x0000
(3283) 0000  0000000000000000 ( 584)                 .FILL x0000
(3284) 0000  0000000000000000 ( 584)                 .FILL x0000
(3285) 0000  0000000000000000 ( 584)                 .FILL x0000
(3286) 0000  0000000000000000 ( 584)                 .FILL x0000
(3287) 0000  0000000000000000 ( 584)                 .FILL x0000
(3288) 0000  0000000000000000 ( 584)                 .FILL x0000
(3289) 0000  0000000000000000 ( 584)                 .FILL x0000
(328A) 0000  0000000000000000 ( 584)                 .FILL x0000
(328B) 0000  0000000000000000 ( 584)                 .FILL x0000
(328C) 0000  0000000000000000 ( 584)                 .FILL x0000
(328D) 0000  0000000000000000 ( 584)                 .FILL x0000
(328E) 0000  0000000000000000 ( 584)                 .FILL x0000
(328F) 0000  0000000000000000 ( 584)                 .FILL x0000
(3290) 0000  0000000000000000 ( 584)                 .FILL x0000
(3291) 0000  0000000000000000 ( 584)                 .FILL x0000
(3292) 0000  0000000000000000 ( 584)                 .FILL x0000
(3293) 0000  0000000000000000 ( 584)                 .FILL x0000
(3294) 0000  0000000000000000 ( 584)                 .FILL x0000
(3295) 0000  0000000000000000 ( 584)                 .FILL x0000
(3296) 0000  0000000000000000 ( 584)                 .FILL x0000
(3297) 0000  0000000000000000 ( 584)                 .FILL x0000
(3298) 0000  0000000000000000 ( 584)                 .FILL x0000
(3299) 0000  0000000000000000 ( 584)                 .FILL x0000
(329A) 0000  0000000000000000 ( 584)                 .FILL x0000
(329B) 0000  0000000000000000 ( 584)                 .FILL x0000
(329C) 0000  0000000000000000 ( 584)                 .FILL x0000
(329D) 0000  0000000000000000 ( 584)                 .FILL x0000
(329E) 0000  0000000000000000 ( 584)                 .FILL x0000
(329F) 0000  0000000000000000 ( 584)                 .FILL x0000
(32A0) 0000  0000000000000000 ( 584)                 .FILL x0000
(32A1) 0000  0000000000000000 ( 584)                 .FILL x0000
(32A2) 0000  0000000000000000 ( 584)                 .FILL x0000
(32A3) 0000  0000000000000000 ( 584)                 .FILL x0000
(32A4) 0000  0000000000000000 ( 584)                 .FILL x0000
(32A5) 0000  0000000000000000 ( 584)                 .FILL x0000
(32A6) 0000  0000000000000000 ( 584)                 .FILL x0000
(32A7) 0000  0000000000000000 ( 584)                 .FILL x0000
(32A8) 0000  0000000000000000 ( 584)                 .FILL x0000
(32A9) 0000  0000000000000000 ( 584)                 .FILL x0000
(32AA) 0000  0000000000000000 ( 584)                 .FILL x0000
(32AB) 0000  0000000000000000 ( 584)                 .FILL x0000
(32AC) 0000  0000000000000000 ( 584)                 .FILL x0000
(32AD) 0000  0000000000000000 ( 584)                 .FILL x0000
(32AE) 0000  0000000000000000 ( 584)                 .FILL x0000
(32AF) 0000  0000000000000000 ( 584)                 .FILL x0000
(32B0) 0000  0000000000000000 ( 584)                 .FILL x0000
(32B1) 0000  0000000000000000 ( 584)                 .FILL x0000
(32B2) 0000  0000000000000000 ( 584)                 .FILL x0000
(32B3) 0000  0000000000000000 ( 584)                 .FILL x0000
(32B4) 0000  0000000000000000 ( 584)                 .FILL x0000
(32B5) 0000  0000000000000000 ( 584)                 .FILL x0000
(32B6) 0000  0000000000000000 ( 584)                 .FILL x0000
(32B7) 0000  0000000000000000 ( 584)                 .FILL x0000
(32B8) 0000  0000000000000000 ( 584)                 .FILL x0000
(32B9) 0000  0000000000000000 ( 584)                 .FILL x0000
(32BA) 0000  0000000000000000 ( 584)                 .FILL x0000
(32BB) 0000  0000000000000000 ( 584)                 .FILL x0000
(32BC) 0000  0000000000000000 ( 584)                 .FILL x0000
(32BD) 0000  0000000000000000 ( 584)                 .FILL x0000
(32BE) 0000  0000000000000000 ( 584)                 .FILL x0000
(32BF) 0000  0000000000000000 ( 584)                 .FILL x0000
(32C0) 0000  0000000000000000 ( 584)                 .FILL x0000
(32C1) 0000  0000000000000000 ( 584)                 .FILL x0000
(32C2) 0000  0000000000000000 ( 584)                 .FILL x0000
(32C3) 0000  0000000000000000 ( 584)                 .FILL x0000
(32C4) 0000  0000000000000000 ( 584)                 .FILL x0000
(32C5) 0000  0000000000000000 ( 584)                 .FILL x0000
(32C6) 0000  0000000000000000 ( 584)                 .FILL x0000
(32C7) 0000  0000000000000000 ( 584)                 .FILL x0000
(32C8) 0000  0000000000000000 ( 584)                 .FILL x0000
(32C9) 0000  0000000000000000 ( 584)                 .FILL x0000
(32CA) 0000  0000000000000000 ( 584)                 .FILL x0000
(32CB) 0000  0000000000000000 ( 584)                 .FILL x0000
(32CC) 0000  0000000000000000 ( 584)                 .FILL x0000
(32CD) 0000  0000000000000000 ( 584)                 .FILL x0000
(32CE) 0000  0000000000000000 ( 584)                 .FILL x0000
(32CF) 0000  0000000000000000 ( 584)                 .FILL x0000
(32D0) 0000  0000000000000000 ( 584)                 .FILL x0000
(32D1) 0000  0000000000000000 ( 584)                 .FILL x0000
(32D2) 0000  0000000000000000 ( 584)                 .FILL x0000
(32D3) 0000  0000000000000000 ( 584)                 .FILL x0000
(32D4) 0000  0000000000000000 ( 584)                 .FILL x0000
(32D5) 0000  0000000000000000 ( 584)                 .FILL x0000
(32D6) 0000  0000000000000000 ( 584)                 .FILL x0000
(32D7) 0000  0000000000000000 ( 584)                 .FILL x0000
(32D8) 0000  0000000000000000 ( 584)                 .FILL x0000
(32D9) 0000  0000000000000000 ( 584)                 .FILL x0000
(32DA) 0000  0000000000000000 ( 584)                 .FILL x0000
(32DB) 0000  0000000000000000 ( 584)                 .FILL x0000
(32DC) 0000  0000000000000000 ( 584)                 .FILL x0000
(32DD) 0000  0000000000000000 ( 584)                 .FILL x0000
(32DE) 0000  0000000000000000 ( 584)                 .FILL x0000
(32DF) 0000  0000000000000000 ( 584)                 .FILL x0000
(32E0) 0000  0000000000000000 ( 584)                 .FILL x0000
(32E1) 0000  0000000000000000 ( 584)                 .FILL x0000
(32E2) 0000  0000000000000000 ( 584)                 .FILL x0000
(32E3) 0000  0000000000000000 ( 584)                 .FILL x0000
(32E4) 0000  0000000000000000 ( 584)                 .FILL x0000
(32E5) 0000  0000000000000000 ( 584)                 .FILL x0000
(32E6) 0000  0000000000000000 ( 584)                 .FILL x0000
(32E7) 0000  0000000000000000 ( 584)                 .FILL x0000
(32E8) 0000  0000000000000000 ( 584)                 .FILL x0000
(32E9) 0000  0000000000000000 ( 584)                 .FILL x0000
(32EA) 0000  0000000000000000 ( 584)                 .FILL x0000
(32EB) 0000  0000000000000000 ( 584)                 .FILL x0000
(32EC) 0000  0000000000000000 ( 584)                 .FILL x0000
(32ED) 0000  0000000000000000 ( 584)                 .FILL x0000
(32EE) 0000  0000000000000000 ( 584)                 .FILL x0000
(32EF) 0000  0000000000000000 ( 584)                 .FILL x0000
(32F0) 0000  0000000000000000 ( 584)                 .FILL x0000
(32F1) 0000  0000000000000000 ( 584)                 .FILL x0000
(32F2) 0000  0000000000000000 ( 584)                 .FILL x0000
(32F3) 0000  0000000000000000 ( 584)                 .FILL x0000
(32F4) 0000  0000000000000000 ( 584)                 .FILL x0000
(32F5) 0000  0000000000000000 ( 584)                 .FILL x0000
(32F6) 0000  0000000000000000 ( 584)                 .FILL x0000
(32F7) 0000  0000000000000000 ( 584)                 .FILL x0000
(32F8) 0000  0000000000000000 ( 584)                 .FILL x0000
(32F9) 0000  0000000000000000 ( 584)                 .FILL x0000
(32FA) 0000  0000000000000000 ( 584)                 .FILL x0000
(32FB) 0000  0000000000000000 ( 584)                 .FILL x0000
(32FC) 0000  0000000000000000 ( 584)                 .FILL x0000
(32FD) 0000  0000000000000000 ( 584)                 .FILL x0000
(32FE) 0000  0000000000000000 ( 584)                 .FILL x0000
(32FF) 0000  0000000000000000 ( 584)                 .FILL x0000
(3300) 0000  0000000000000000 ( 584)                 .FILL x0000
(3301) 0000  0000000000000000 ( 584)                 .FILL x0000
(3302) 0000  0000000000000000 ( 584)                 .FILL x0000
(3303) 0000  0000000000000000 ( 584)                 .FILL x0000
(3304) 0000  0000000000000000 ( 584)                 .FILL x0000
(3305) 0000  0000000000000000 ( 584)                 .FILL x0000
(3306) 0000  0000000000000000 ( 584)                 .FILL x0000
(3307) 0000  0000000000000000 ( 584)                 .FILL x0000
(3308) 0000  0000000000000000 ( 584)                 .FILL x0000
(3309) 0000  0000000000000000 ( 584)                 .FILL x0000
(330A) 0000  0000000000000000 ( 584)                 .FILL x0000
(330B) 0000  0000000000000000 ( 584)                 .FILL x0000
(330C) 0000  0000000000000000 ( 584)                 .FILL x0000
(330D) 0000  0000000000000000 ( 584)                 .FILL x0000
(330E) 0000  0000000000000000 ( 584)                 .FILL x0000
(330F) 0000  0000000000000000 ( 584)                 .FILL x0000
(3310) 0000  0000000000000000 ( 584)                 .FILL x0000
(3311) 0000  0000000000000000 ( 584)                 .FILL x0000
(3312) 0000  0000000000000000 ( 584)                 .FILL x0000
(3313) 0000  0000000000000000 ( 584)                 .FILL x0000
(3314) 0000  0000000000000000 ( 584)                 .FILL x0000
(3315) 0000  0000000000000000 ( 584)                 .FILL x0000
(3316) 0000  0000000000000000 ( 584)                 .FILL x0000
(3317) 0000  0000000000000000 ( 584)                 .FILL x0000
(3318) 0000  0000000000000000 ( 584)                 .FILL x0000
(3319) 0000  0000000000000000 ( 584)                 .FILL x0000
(331A) 0000  0000000000000000 ( 584)                 .FILL x0000
(331B) 0000  0000000000000000 ( 584)                 .FILL x0000
(331C) 0000  0000000000000000 ( 584)                 .FILL x0000
(331D) 0000  0000000000000000 ( 584)                 .FILL x0000
(331E) 0000  0000000000000000 ( 584)                 .FILL x0000
(331F) 0000  0000000000000000 ( 584)                 .FILL x0000
(3320) 0000  0000000000000000 ( 584)                 .FILL x0000
(3321) 0000  0000000000000000 ( 584)                 .FILL x0000
(3322) 0000  0000000000000000 ( 584)                 .FILL x0000
(3323) 0000  0000000000000000 ( 584)                 .FILL x0000
(3324) 0000  0000000000000000 ( 584)                 .FILL x0000
(3325) 0000  0000000000000000 ( 584)                 .FILL x0000
(3326) 0000  0000000000000000 ( 584)                 .FILL x0000
(3327) 0000  0000000000000000 ( 584)                 .FILL x0000
(3328) 0000  0000000000000000 ( 584)                 .FILL x0000
(3329) 0000  0000000000000000 ( 584)                 .FILL x0000
(332A) 0000  0000000000000000 ( 584)                 .FILL x0000
(332B) 0000  0000000000000000 ( 584)                 .FILL x0000
(332C) 0000  0000000000000000 ( 584)                 .FILL x0000
(332D) 0000  0000000000000000 ( 584)                 .FILL x0000
(332E) 0000  0000000000000000 ( 584)                 .FILL x0000
(332F) 0000  0000000000000000 ( 584)                 .FILL x0000
(3330) 0000  0000000000000000 ( 584)                 .FILL x0000
(3331) 0000  0000000000000000 ( 584)                 .FILL x0000
(3332) 0000  0000000000000000 ( 584)                 .FILL x0000
(3333) 0000  0000000000000000 ( 584)                 .FILL x0000
(3334) 0000  0000000000000000 ( 584)                 .FILL x0000
(3335) 0000  0000000000000000 ( 584)                 .FILL x0000
(3336) 0000  0000000000000000 ( 584)                 .FILL x0000
(3337) 0000  0000000000000000 ( 584)                 .FILL x0000
(3338) 0000  0000000000000000 ( 584)                 .FILL x0000
(3339) 0000  0000000000000000 ( 584)                 .FILL x0000
(333A) 0000  0000000000000000 ( 584)                 .FILL x0000
(333B) 0000  0000000000000000 ( 584)                 .FILL x0000
(333C) 0000  0000000000000000 ( 584)                 .FILL x0000
(333D) 0000  0000000000000000 ( 584)                 .FILL x0000
(333E) 0000  0000000000000000 ( 584)                 .FILL x0000
(333F) 0000  0000000000000000 ( 584)                 .FILL x0000
(3340) 0000  0000000000000000 ( 584)                 .FILL x0000
(3341) 0000  0000000000000000 ( 584)                 .FILL x0000
(3342) 0000  0000000000000000 ( 584)                 .FILL x0000
(3343) 0000  0000000000000000 ( 584)                 .FILL x0000
(3344) 0000  0000000000000000 ( 584)                 .FILL x0000
(3345) 0000  0000000000000000 ( 584)                 .FILL x0000
(3346) 0000  0000000000000000 ( 584)                 .FILL x0000
(3347) 0000  0000000000000000 ( 584)                 .FILL x0000
(3348) 0000  0000000000000000 ( 584)                 .FILL x0000
(3349) 0000  0000000000000000 ( 584)                 .FILL x0000
(334A) 0000  0000000000000000 ( 584)                 .FILL x0000
(334B) 0000  0000000000000000 ( 584)                 .FILL x0000
(334C) 0000  0000000000000000 ( 584)                 .FILL x0000
(334D) 0000  0000000000000000 ( 584)                 .FILL x0000
(334E) 0000  0000000000000000 ( 584)                 .FILL x0000
(334F) 0000  0000000000000000 ( 584)                 .FILL x0000
(3350) 0000  0000000000000000 ( 584)                 .FILL x0000
(3351) 0000  0000000000000000 ( 584)                 .FILL x0000
(3352) 0000  0000000000000000 ( 584)                 .FILL x0000
(3353) 0000  0000000000000000 ( 584)                 .FILL x0000
(3354) 0000  0000000000000000 ( 584)                 .FILL x0000
(3355) 0000  0000000000000000 ( 584)                 .FILL x0000
(3356) 0000  0000000000000000 ( 584)                 .FILL x0000
(3357) 0000  0000000000000000 ( 584)                 .FILL x0000
(3358) 0000  0000000000000000 ( 584)                 .FILL x0000
(3359) 0000  0000000000000000 ( 584)                 .FILL x0000
(335A) 0000  0000000000000000 ( 584)                 .FILL x0000
(335B) 0000  0000000000000000 ( 584)                 .FILL x0000
(335C) 0000  0000000000000000 ( 584)                 .FILL x0000
(335D) 0000  0000000000000000 ( 584)                 .FILL x0000
(335E) 0000  0000000000000000 ( 584)                 .FILL x0000
(335F) 0000  0000000000000000 ( 584)                 .FILL x0000
(3360) 0000  0000000000000000 ( 584)                 .FILL x0000
(3361) 0000  0000000000000000 ( 584)                 .FILL x0000
(3362) 0000  0000000000000000 ( 584)                 .FILL x0000
(3363) 0000  0000000000000000 ( 584)                 .FILL x0000
(3364) 0000  0000000000000000 ( 584)                 .FILL x0000
(3365) 0000  0000000000000000 ( 584)                 .FILL x0000
(3366) 0000  0000000000000000 ( 584)                 .FILL x0000
(3367) 0000  0000000000000000 ( 584)                 .FILL x0000
(3368) 0000  0000000000000000 ( 584)                 .FILL x0000
(3369) 0000  0000000000000000 ( 584)                 .FILL x0000
(336A) 0000  0000000000000000 ( 584)                 .FILL x0000
(336B) 0000  0000000000000000 ( 584)                 .FILL x0000
(336C) 0000  0000000000000000 ( 584)                 .FILL x0000
(336D) 0000  0000000000000000 ( 584)                 .FILL x0000
(336E) 0000  0000000000000000 ( 584)                 .FILL x0000
(336F) 0000  0000000000000000 ( 584)                 .FILL x0000
(3370) 0000  0000000000000000 ( 584)                 .FILL x0000
(3371) 0000  0000000000000000 ( 584)                 .FILL x0000
(3372) 0000  0000000000000000 ( 584)                 .FILL x0000
(3373) 0000  0000000000000000 ( 584)                 .FILL x0000
(3374) 0000  0000000000000000 ( 584)                 .FILL x0000
(3375) 0000  0000000000000000 ( 584)                 .FILL x0000
(3376) 0000  0000000000000000 ( 584)                 .FILL x0000
(3377) 0000  0000000000000000 ( 584)                 .FILL x0000
(3378) 0000  0000000000000000 ( 584)                 .FILL x0000
(3379) 0000  0000000000000000 ( 584)                 .FILL x0000
(337A) 0000  0000000000000000 ( 584)                 .FILL x0000
(337B) 0000  0000000000000000 ( 584)                 .FILL x0000
(337C) 0000  0000000000000000 ( 584)                 .FILL x0000
(337D) 0000  0000000000000000 ( 584)                 .FILL x0000
(337E) 0000  0000000000000000 ( 584)                 .FILL x0000
(337F) 0000  0000000000000000 ( 584)                 .FILL x0000
(3380) 0000  0000000000000000 ( 584)                 .FILL x0000
(3381) 0000  0000000000000000 ( 584)                 .FILL x0000
(3382) 0000  0000000000000000 ( 584)                 .FILL x0000
(3383) 0000  0000000000000000 ( 584)                 .FILL x0000
(3384) 0000  0000000000000000 ( 584)                 .FILL x0000
(3385) 0000  0000000000000000 ( 584)                 .FILL x0000
(3386) 0000  0000000000000000 ( 584)                 .FILL x0000
(3387) 0000  0000000000000000 ( 584)                 .FILL x0000
(3388) 0000  0000000000000000 ( 584)                 .FILL x0000
(3389) 0000  0000000000000000 ( 584)                 .FILL x0000
(338A) 0000  0000000000000000 ( 584)                 .FILL x0000
(338B) 0000  0000000000000000 ( 584)                 .FILL x0000
(338C) 0000  0000000000000000 ( 584)                 .FILL x0000
(338D) 0000  0000000000000000 ( 584)                 .FILL x0000
(338E) 0000  0000000000000000 ( 584)                 .FILL x0000
(338F) 0000  0000000000000000 ( 584)                 .FILL x0000
(3390) 0000  0000000000000000 ( 584)                 .FILL x0000
(3391) 0000  0000000000000000 ( 584)                 .FILL x0000
(3392) 0000  0000000000000000 ( 584)                 .FILL x0000
(3393) 0000  0000000000000000 ( 584)                 .FILL x0000
(3394) 0000  0000000000000000 ( 584)                 .FILL x0000
(3395) 0000  0000000000000000 ( 584)                 .FILL x0000
(3396) 0000  0000000000000000 ( 584)                 .FILL x0000
(3397) 0000  0000000000000000 ( 584)                 .FILL x0000
(3398) 0000  0000000000000000 ( 584)                 .FILL x0000
(3399) 0000  0000000000000000 ( 584)                 .FILL x0000
(339A) 0000  0000000000000000 ( 584)                 .FILL x0000
(339B) 0000  0000000000000000 ( 584)                 .FILL x0000
(339C) 0000  0000000000000000 ( 584)                 .FILL x0000
(339D) 0000  0000000000000000 ( 584)                 .FILL x0000
(339E) 0000  0000000000000000 ( 584)                 .FILL x0000
(339F) 0000  0000000000000000 ( 584)                 .FILL x0000
(33A0) 0000  0000000000000000 ( 584)                 .FILL x0000
(33A1) 0000  0000000000000000 ( 584)                 .FILL x0000
(33A2) 0000  0000000000000000 ( 584)                 .FILL x0000
(33A3) 0000  0000000000000000 ( 584)                 .FILL x0000
(33A4) 0000  0000000000000000 ( 584)                 .FILL x0000
(33A5) 0000  0000000000000000 ( 584)                 .FILL x0000
(33A6) 0000  0000000000000000 ( 584)                 .FILL x0000
(33A7) 0000  0000000000000000 ( 584)                 .FILL x0000
(33A8) 0000  0000000000000000 ( 584)                 .FILL x0000
(33A9) 0000  0000000000000000 ( 584)                 .FILL x0000
(33AA) 0000  0000000000000000 ( 584)                 .FILL x0000
(33AB) 0000  0000000000000000 ( 584)                 .FILL x0000
(33AC) 0000  0000000000000000 ( 584)                 .FILL x0000
(33AD) 0000  0000000000000000 ( 584)                 .FILL x0000
(33AE) 0000  0000000000000000 ( 584)                 .FILL x0000
(33AF) 0000  0000000000000000 ( 584)                 .FILL x0000
(33B0) 0000  0000000000000000 ( 584)                 .FILL x0000
(33B1) 0000  0000000000000000 ( 584)                 .FILL x0000
(33B2) 0000  0000000000000000 ( 584)                 .FILL x0000
(33B3) 0000  0000000000000000 ( 584)                 .FILL x0000
(33B4) 0000  0000000000000000 ( 584)                 .FILL x0000
(33B5) 0000  0000000000000000 ( 584)                 .FILL x0000
(33B6) 0000  0000000000000000 ( 584)                 .FILL x0000
(33B7) 0000  0000000000000000 ( 584)                 .FILL x0000
(33B8) 0000  0000000000000000 ( 584)                 .FILL x0000
(33B9) 0000  0000000000000000 ( 584)                 .FILL x0000
(33BA) 0000  0000000000000000 ( 584)                 .FILL x0000
(33BB) 0000  0000000000000000 ( 584)                 .FILL x0000
(33BC) 0000  0000000000000000 ( 584)                 .FILL x0000
