(0000) 3000  0011000000000000 (   8)                 .ORIG x3000
(3000) 5020  0101000000100000 (  10)                 AND   R0 R0 #0
(3001) 5260  0101001001100000 (  11)                 AND   R1 R1 #0
(3002) 5B60  0101101101100000 (  12)                 AND   R5 R5 #0
(3003) 5DA0  0101110110100000 (  13)                 AND   R6 R6 #0
(3004) E00D  1110000000001101 (  15)                 LEA   R0 GREETING
(3005) F022  1111000000100010 (  16)                 TRAP  x22
(3006) 5020  0101000000100000 (  18)                 AND   R0 R0 #0
(3007) 126C  0001001001101100 (  19)                 ADD   R1 R1 #12
(3008) 1240  0001001001000000 (  22) LOOP            ADD   R1 R1 R0
(3009) F023  1111000000100011 (  23)                 TRAP  x23
(300A) 4803  0100100000000011 (  24)                 JSR   TWOCOMP
(300B) 1240  0001001001000000 (  25)                 ADD   R1 R1 R0
(300C) 4801  0100100000000001 (  26)                 JSR   TWOCOMP
(300D) 0BFA  0000101111111010 (  28)                 BRNP  LOOP
(300E) 903F  1001000000111111 (  30) TWOCOMP         NOT   R0 R0
(300F) 1021  0001000000100001 (  31)                 ADD   R0 R0 #1
(3010) C1C0  1100000111000000 (  32)                 RET   
(3011) F025  1111000000100101 (  34)                 TRAP  x25
(3012) 0045  0000000001000101 (  36) GREETING        .FILL x0045
(3013) 006E  0000000001101110 (  36)                 .FILL x006E
(3014) 0074  0000000001110100 (  36)                 .FILL x0074
(3015) 0065  0000000001100101 (  36)                 .FILL x0065
(3016) 0072  0000000001110010 (  36)                 .FILL x0072
(3017) 0020  0000000000100000 (  36)                 .FILL x0020
(3018) 0061  0000000001100001 (  36)                 .FILL x0061
(3019) 0020  0000000000100000 (  36)                 .FILL x0020
(301A) 006E  0000000001101110 (  36)                 .FILL x006E
(301B) 0075  0000000001110101 (  36)                 .FILL x0075
(301C) 006D  0000000001101101 (  36)                 .FILL x006D
(301D) 0062  0000000001100010 (  36)                 .FILL x0062
(301E) 0065  0000000001100101 (  36)                 .FILL x0065
(301F) 0072  0000000001110010 (  36)                 .FILL x0072
(3020) 0020  0000000000100000 (  36)                 .FILL x0020
(3021) 0074  0000000001110100 (  36)                 .FILL x0074
(3022) 006F  0000000001101111 (  36)                 .FILL x006F
(3023) 0020  0000000000100000 (  36)                 .FILL x0020
(3024) 0062  0000000001100010 (  36)                 .FILL x0062
(3025) 0065  0000000001100101 (  36)                 .FILL x0065
(3026) 0020  0000000000100000 (  36)                 .FILL x0020
(3027) 0063  0000000001100011 (  36)                 .FILL x0063
(3028) 006F  0000000001101111 (  36)                 .FILL x006F
(3029) 006E  0000000001101110 (  36)                 .FILL x006E
(302A) 0076  0000000001110110 (  36)                 .FILL x0076
(302B) 0065  0000000001100101 (  36)                 .FILL x0065
(302C) 0072  0000000001110010 (  36)                 .FILL x0072
(302D) 0074  0000000001110100 (  36)                 .FILL x0074
(302E) 0065  0000000001100101 (  36)                 .FILL x0065
(302F) 0064  0000000001100100 (  36)                 .FILL x0064
(3030) 002E  0000000000101110 (  36)                 .FILL x002E
(3031) 0020  0000000000100000 (  36)                 .FILL x0020
(3032) 000A  0000000000001010 (  36)                 .FILL x000A
(3033) 0000  0000000000000000 (  36)                 .FILL x0000
(3034) 0000  0000000000000000 (  37) FLAG            .FILL x0000
(3035) 0000  0000000000000000 (  38) INT             .FILL x0000
