(0000) 3000  0011000000000000 (   8)                 .ORIG x3000
(3000) 5020  0101000000100000 (  11) BEGIN           AND   R0 R0 #0
(3001) 5260  0101001001100000 (  12)                 AND   R1 R1 #0
(3002) 54A0  0101010010100000 (  13)                 AND   R2 R2 #0
(3003) 56E0  0101011011100000 (  14)                 AND   R3 R3 #0
(3004) 5920  0101100100100000 (  15)                 AND   R4 R4 #0
(3005) 5B60  0101101101100000 (  16)                 AND   R5 R5 #0
(3006) 5DA0  0101110110100000 (  17)                 AND   R6 R6 #0
(3007) 5FE0  0101111111100000 (  18)                 AND   R7 R7 #0
(3008) E09B  1110000010011011 (  21)                 LEA   R0 GREETING
(3009) F022  1111000000100010 (  22)                 TRAP  x22
(300A) 2896  0010100010010110 (  28)                 LD    R4 FIRSTFLG
(300B) 5920  0101100100100000 (  29)                 AND   R4 R4 #0
(300C) 1921  0001100100100001 (  30)                 ADD   R4 R4 #1
(300D) 3893  0011100010010011 (  31)                 ST    R4 FIRSTFLG
(300E) 480C  0100100000001100 (  34)                 JSR   INPUT
(300F) 482B  0100100000101011 (  35)                 JSR   BINARY
(3010) 208C  0010000010001100 (  36)                 LD    R0 NEWLINE
(3011) F021  1111000000100001 (  37)                 TRAP  x21
(3012) 485D  0100100001011101 (  38)                 JSR   HEX
(3013) 2089  0010000010001001 (  39)                 LD    R0 NEWLINE
(3014) F021  1111000000100001 (  40)                 TRAP  x21
(3015) 5B60  0101101101100000 (  42)                 AND   R5 R5 #0
(3016) 3A8C  0011101010001100 (  43)                 ST    R5 FLAG
(3017) 0FE8  0000111111101000 (  45)                 BRNZP BEGIN
(3018) E0BC  1110000010111100 (  46) END             LEA   R0 GOODBYE
(3019) F022  1111000000100010 (  47)                 TRAP  x22
(301A) F025  1111000000100101 (  49)                 TRAP  x25
(301B) 3E84  0011111010000100 (  54) INPUT           ST    R7 PCSTORE
(301C) F020  1111000000100000 (  57) LOOP            TRAP  x20
(301D) 4838  0100100000111000 (  58)                 JSR   CORRECTIN
(301E) F021  1111000000100001 (  59)                 TRAP  x21
(301F) 1236  0001001000110110 (  62)                 ADD   R1 R0 #-10
(3020) 0417  0000010000010111 (  63)                 BRZ   ENDLOOP
(3021) 267D  0010011001111101 (  66)                 LD    R3 NEGCHK
(3022) 1203  0001001000000011 (  67)                 ADD   R1 R0 R3
(3023) 0401  0000010000000001 (  68)                 BRZ   NEGLP
(3024) 0E04  0000111000000100 (  69)                 BRNZP ENDCHK
(3025) 5B60  0101101101100000 (  70) NEGLP           AND   R5 R5 #0
(3026) 1B61  0001101101100001 (  71)                 ADD   R5 R5 #1
(3027) 3A7B  0011101001111011 (  72)                 ST    R5 FLAG
(3028) 0FF3  0000111111110011 (  73)                 BRNZP LOOP
(3029) 2A78  0010101001111000 (  75) ENDCHK          LD    R5 X
(302A) 1340  0001001101000000 (  76)                 ADD   R1 R5 R0
(302B) 0A01  0000101000000001 (  77)                 BRNP  CONT
(302C) 0FEB  0000111111101011 (  78)                 BRNZP END
(302D) 5260  0101001001100000 (  83) CONT            AND   R1 R1 #0
(302E) 1269  0001001001101001 (  84)                 ADD   R1 R1 #9
(302F) 5920  0101100100100000 (  85)                 AND   R4 R4 #0
(3030) 1906  0001100100000110 (  86)                 ADD   R4 R4 R6
(3031) 1D84  0001110110000100 (  87) MULTLP          ADD   R6 R6 R4
(3032) 127F  0001001001111111 (  88)                 ADD   R1 R1 #-1
(3033) 0BFD  0000101111111101 (  89)                 BRNP  MULTLP
(3034) 24CD  0010010011001101 (  93)                 LD    R2 OFFSET
(3035) 1002  0001000000000010 (  94)                 ADD   R0 R0 R2
(3036) 1D80  0001110110000000 (  95)                 ADD   R6 R6 R0
(3037) 0FE4  0000111111100100 (  96)                 BRNZP LOOP
(3038) 3CCC  0011110011001100 (  98) ENDLOOP         ST    R6 NUM
(3039) 2E66  0010111001100110 (  99)                 LD    R7 PCSTORE
(303A) C1C0  1100000111000000 ( 100)                 RET   
(303B) 3E64  0011111001100100 ( 104) BINARY          ST    R7 PCSTORE
(303C) 5260  0101001001100000 ( 107)                 AND   R1 R1 #0
(303D) 126F  0001001001101111 ( 108)                 ADD   R1 R1 #15
(303E) 1261  0001001001100001 ( 109)                 ADD   R1 R1 #1
(303F) 24C3  0010010011000011 ( 114)                 LD    R2 PLUS
(3040) E6C7  1110011011000111 ( 115)                 LEA   R3 MASK0
(3041) 2CC3  0010110011000011 ( 116)                 LD    R6 NUM
(3042) 2A60  0010101001100000 ( 119)                 LD    R5 FLAG
(3043) 1B7F  0001101101111111 ( 120)                 ADD   R5 R5 #-1
(3044) 0A02  0000101000000010 ( 123)                 BRNP  BINLP
(3045) 9DBF  1001110110111111 ( 124)                 NOT   R6 R6
(3046) 1DA1  0001110110100001 ( 125)                 ADD   R6 R6 #1
(3047) 68C0  0110100011000000 ( 128) BINLP           LDR   R4 R3 #0
(3048) 5B06  0101101100000110 ( 129)                 AND   R5 R4 R6
(3049) 0A03  0000101000000011 ( 132)                 BRNP  PRINT1
(304A) 5082  0101000010000010 ( 133)                 AND   R0 R2 R2
(304B) F021  1111000000100001 ( 134)                 TRAP  x21
(304C) 0E03  0000111000000011 ( 135)                 BRNZP PRINT0
(304D) 5020  0101000000100000 ( 136) PRINT1          AND   R0 R0 #0
(304E) 10A1  0001000010100001 ( 137)                 ADD   R0 R2 #1
(304F) F021  1111000000100001 ( 138)                 TRAP  x21
(3050) 16E1  0001011011100001 ( 139) PRINT0          ADD   R3 R3 #1
(3051) 127F  0001001001111111 ( 140)                 ADD   R1 R1 #-1
(3052) 0BF4  0000101111110100 ( 141)                 BRNP  BINLP
(3053) 2E4C  0010111001001100 ( 144)                 LD    R7 PCSTORE
(3054) 5DA0  0101110110100000 ( 145)                 AND   R6 R6 #0
(3055) C1C0  1100000111000000 ( 146)                 RET   
(3056) 284A  0010100001001010 ( 154) CORRECTIN       LD    R4 FIRSTFLG
(3057) 193F  0001100100111111 ( 155)                 ADD   R4 R4 #-1
(3058) 0A03  0000101000000011 ( 156)                 BRNP  CONTIN
(3059) 2645  0010011001000101 ( 157)                 LD    R3 NEGCHK
(305A) 1403  0001010000000011 ( 158)                 ADD   R2 R0 R3
(305B) 0411  0000010000010001 ( 159)                 BRZ   DONE
(305C) 1436  0001010000110110 ( 162) CONTIN          ADD   R2 R0 #-10
(305D) 040F  0000010000001111 ( 163)                 BRZ   DONE
(305E) 2643  0010011001000011 ( 164)                 LD    R3 X
(305F) 1403  0001010000000011 ( 165)                 ADD   R2 R0 R3
(3060) 040C  0000010000001100 ( 166)                 BRZ   DONE
(3061) 22B6  0010001010110110 ( 169)                 LD    R1 ZERO
(3062) 1401  0001010000000001 ( 170)                 ADD   R2 R0 R1
(3063) 0804  0000100000000100 ( 171)                 BRN   INVALID
(3064) 22B4  0010001010110100 ( 173)                 LD    R1 NINE
(3065) 1401  0001010000000001 ( 174)                 ADD   R2 R0 R1
(3066) 0201  0000001000000001 ( 175)                 BRP   INVALID
(3067) 0E05  0000111000000101 ( 176)                 BRNZP DONE
(3068) F021  1111000000100001 ( 179) INVALID         TRAP  x21
(3069) E076  1110000001110110 ( 180)                 LEA   R0 WRONG
(306A) F022  1111000000100010 ( 181)                 TRAP  x22
(306B) 2C9A  0010110010011010 ( 182)                 LD    R6 VARSAVE
(306C) 0F93  0000111110010011 ( 183)                 BRNZP BEGIN
(306D) 5920  0101100100100000 ( 185) DONE            AND   R4 R4 #0
(306E) 3832  0011100000110010 ( 186)                 ST    R4 FIRSTFLG
(306F) C1C0  1100000111000000 ( 187)                 RET   
(3070) 3E2F  0011111000101111 ( 191) HEX             ST    R7 PCSTORE
(3071) 5260  0101001001100000 ( 192)                 AND   R1 R1 #0
(3072) 2C92  0010110010010010 ( 195)                 LD    R6 NUM
(3073) EA94  1110101010010100 ( 196)                 LEA   R5 MASK0
(3074) 202E  0010000000101110 ( 199)                 LD    R0 FLAG
(3075) 143F  0001010000111111 ( 200)                 ADD   R2 R0 #-1
(3076) 0A02  0000101000000010 ( 201)                 BRNP  HEXLP
(3077) 9DBF  1001110110111111 ( 202)                 NOT   R6 R6
(3078) 1DA1  0001110110100001 ( 203)                 ADD   R6 R6 #1
(3079) 5020  0101000000100000 ( 209) HEXLP           AND   R0 R0 #0
(307A) 147C  0001010001111100 ( 211)                 ADD   R2 R1 #-4
(307B) 041F  0000010000011111 ( 212)                 BRZ   HEXFIN
(307C) 6940  0110100101000000 ( 215)                 LDR   R4 R5 #0
(307D) 5506  0101010100000110 ( 216)                 AND   R2 R4 R6
(307E) 0401  0000010000000001 ( 221)                 BRZ   ENEXT
(307F) 1028  0001000000101000 ( 222)                 ADD   R0 R0 #8
(3080) 1B61  0001101101100001 ( 224) ENEXT           ADD   R5 R5 #1
(3081) 6940  0110100101000000 ( 225)                 LDR   R4 R5 #0
(3082) 5584  0101010110000100 ( 226)                 AND   R2 R6 R4
(3083) 0401  0000010000000001 ( 227)                 BRZ   FNEXT
(3084) 1024  0001000000100100 ( 228)                 ADD   R0 R0 #4
(3085) 1B61  0001101101100001 ( 230) FNEXT           ADD   R5 R5 #1
(3086) 6940  0110100101000000 ( 231)                 LDR   R4 R5 #0
(3087) 5584  0101010110000100 ( 232)                 AND   R2 R6 R4
(3088) 0401  0000010000000001 ( 233)                 BRZ   TNEXT
(3089) 1022  0001000000100010 ( 234)                 ADD   R0 R0 #2
(308A) 1B61  0001101101100001 ( 236) TNEXT           ADD   R5 R5 #1
(308B) 6940  0110100101000000 ( 237)                 LDR   R4 R5 #0
(308C) 5584  0101010110000100 ( 238)                 AND   R2 R6 R4
(308D) 0401  0000010000000001 ( 239)                 BRZ   ONEXT
(308E) 1021  0001000000100001 ( 240)                 ADD   R0 R0 #1
(308F) 1B61  0001101101100001 ( 242) ONEXT           ADD   R5 R5 #1
(3090) 1261  0001001001100001 ( 243)                 ADD   R1 R1 #1
(3091) 1437  0001010000110111 ( 249)                 ADD   R2 R0 #-9
(3092) 0204  0000001000000100 ( 250)                 BRP   NUMTOHEX
(3093) 246F  0010010001101111 ( 251)                 LD    R2 PLUS
(3094) 1002  0001000000000010 ( 252)                 ADD   R0 R0 R2
(3095) F021  1111000000100001 ( 253)                 TRAP  x21
(3096) 0FE2  0000111111100010 ( 255)                 BRNZP HEXLP
(3097) 286F  0010100001101111 ( 258) NUMTOHEX        LD    R4 NUMOFF
(3098) 1004  0001000000000100 ( 259)                 ADD   R0 R0 R4
(3099) F021  1111000000100001 ( 260)                 TRAP  x21
(309A) 0FDE  0000111111011110 ( 261)                 BRNZP HEXLP
(309B) 2E04  0010111000000100 ( 263) HEXFIN          LD    R7 PCSTORE
(309C) C1C0  1100000111000000 ( 264)                 RET   
(309D) 000A  0000000000001010 ( 267) NEWLINE         .FILL x000A
(309E) 0000  0000000000000000 ( 267)                 .FILL x0000
(309F) FFD3  1111111111010011 ( 268) NEGCHK          .FILL xFFD3
(30A0) 0000  0000000000000000 ( 269) PCSTORE         .FILL x0000
(30A1) 0001  0000000000000001 ( 270) FIRSTFLG        .FILL x0001
(30A2) FFA8  1111111110101000 ( 271) X               .FILL xFFA8
(30A3) 0000  0000000000000000 ( 272) FLAG            .FILL x0000
(30A4) 000A  0000000000001010 ( 273) GREETING        .FILL x000A
(30A5) 0020  0000000000100000 ( 273)                 .FILL x0020
(30A6) 0045  0000000001000101 ( 273)                 .FILL x0045
(30A7) 006E  0000000001101110 ( 273)                 .FILL x006E
(30A8) 0074  0000000001110100 ( 273)                 .FILL x0074
(30A9) 0065  0000000001100101 ( 273)                 .FILL x0065
(30AA) 0072  0000000001110010 ( 273)                 .FILL x0072
(30AB) 0020  0000000000100000 ( 273)                 .FILL x0020
(30AC) 0061  0000000001100001 ( 273)                 .FILL x0061
(30AD) 0020  0000000000100000 ( 273)                 .FILL x0020
(30AE) 006E  0000000001101110 ( 273)                 .FILL x006E
(30AF) 0075  0000000001110101 ( 273)                 .FILL x0075
(30B0) 006D  0000000001101101 ( 273)                 .FILL x006D
(30B1) 0062  0000000001100010 ( 273)                 .FILL x0062
(30B2) 0065  0000000001100101 ( 273)                 .FILL x0065
(30B3) 0072  0000000001110010 ( 273)                 .FILL x0072
(30B4) 0020  0000000000100000 ( 273)                 .FILL x0020
(30B5) 0074  0000000001110100 ( 273)                 .FILL x0074
(30B6) 006F  0000000001101111 ( 273)                 .FILL x006F
(30B7) 0020  0000000000100000 ( 273)                 .FILL x0020
(30B8) 0062  0000000001100010 ( 273)                 .FILL x0062
(30B9) 0065  0000000001100101 ( 273)                 .FILL x0065
(30BA) 0020  0000000000100000 ( 273)                 .FILL x0020
(30BB) 0063  0000000001100011 ( 273)                 .FILL x0063
(30BC) 006F  0000000001101111 ( 273)                 .FILL x006F
(30BD) 006E  0000000001101110 ( 273)                 .FILL x006E
(30BE) 0076  0000000001110110 ( 273)                 .FILL x0076
(30BF) 0065  0000000001100101 ( 273)                 .FILL x0065
(30C0) 0072  0000000001110010 ( 273)                 .FILL x0072
(30C1) 0074  0000000001110100 ( 273)                 .FILL x0074
(30C2) 0065  0000000001100101 ( 273)                 .FILL x0065
(30C3) 0064  0000000001100100 ( 273)                 .FILL x0064
(30C4) 002C  0000000000101100 ( 273)                 .FILL x002C
(30C5) 0020  0000000000100000 ( 273)                 .FILL x0020
(30C6) 006F  0000000001101111 ( 273)                 .FILL x006F
(30C7) 0072  0000000001110010 ( 273)                 .FILL x0072
(30C8) 0020  0000000000100000 ( 273)                 .FILL x0020
(30C9) 0058  0000000001011000 ( 273)                 .FILL x0058
(30CA) 0020  0000000000100000 ( 273)                 .FILL x0020
(30CB) 0074  0000000001110100 ( 273)                 .FILL x0074
(30CC) 006F  0000000001101111 ( 273)                 .FILL x006F
(30CD) 0020  0000000000100000 ( 273)                 .FILL x0020
(30CE) 0065  0000000001100101 ( 273)                 .FILL x0065
(30CF) 006E  0000000001101110 ( 273)                 .FILL x006E
(30D0) 0064  0000000001100100 ( 273)                 .FILL x0064
(30D1) 002E  0000000000101110 ( 273)                 .FILL x002E
(30D2) 0020  0000000000100000 ( 273)                 .FILL x0020
(30D3) 000A  0000000000001010 ( 273)                 .FILL x000A
(30D4) 0000  0000000000000000 ( 273)                 .FILL x0000
(30D5) 000A  0000000000001010 ( 274) GOODBYE         .FILL x000A
(30D6) 0020  0000000000100000 ( 274)                 .FILL x0020
(30D7) 0047  0000000001000111 ( 274)                 .FILL x0047
(30D8) 006F  0000000001101111 ( 274)                 .FILL x006F
(30D9) 006F  0000000001101111 ( 274)                 .FILL x006F
(30DA) 0064  0000000001100100 ( 274)                 .FILL x0064
(30DB) 0062  0000000001100010 ( 274)                 .FILL x0062
(30DC) 0079  0000000001111001 ( 274)                 .FILL x0079
(30DD) 0065  0000000001100101 ( 274)                 .FILL x0065
(30DE) 002E  0000000000101110 ( 274)                 .FILL x002E
(30DF) 0000  0000000000000000 ( 274)                 .FILL x0000
(30E0) 000A  0000000000001010 ( 275) WRONG           .FILL x000A
(30E1) 0020  0000000000100000 ( 275)                 .FILL x0020
(30E2) 0049  0000000001001001 ( 275)                 .FILL x0049
(30E3) 006E  0000000001101110 ( 275)                 .FILL x006E
(30E4) 0063  0000000001100011 ( 275)                 .FILL x0063
(30E5) 006F  0000000001101111 ( 275)                 .FILL x006F
(30E6) 0072  0000000001110010 ( 275)                 .FILL x0072
(30E7) 0072  0000000001110010 ( 275)                 .FILL x0072
(30E8) 0065  0000000001100101 ( 275)                 .FILL x0065
(30E9) 0063  0000000001100011 ( 275)                 .FILL x0063
(30EA) 0074  0000000001110100 ( 275)                 .FILL x0074
(30EB) 0020  0000000000100000 ( 275)                 .FILL x0020
(30EC) 0069  0000000001101001 ( 275)                 .FILL x0069
(30ED) 006E  0000000001101110 ( 275)                 .FILL x006E
(30EE) 0070  0000000001110000 ( 275)                 .FILL x0070
(30EF) 0075  0000000001110101 ( 275)                 .FILL x0075
(30F0) 0074  0000000001110100 ( 275)                 .FILL x0074
(30F1) 002C  0000000000101100 ( 275)                 .FILL x002C
(30F2) 0020  0000000000100000 ( 275)                 .FILL x0020
(30F3) 0065  0000000001100101 ( 275)                 .FILL x0065
(30F4) 006E  0000000001101110 ( 275)                 .FILL x006E
(30F5) 0074  0000000001110100 ( 275)                 .FILL x0074
(30F6) 0065  0000000001100101 ( 275)                 .FILL x0065
(30F7) 0072  0000000001110010 ( 275)                 .FILL x0072
(30F8) 0020  0000000000100000 ( 275)                 .FILL x0020
(30F9) 0061  0000000001100001 ( 275)                 .FILL x0061
(30FA) 0067  0000000001100111 ( 275)                 .FILL x0067
(30FB) 0061  0000000001100001 ( 275)                 .FILL x0061
(30FC) 0069  0000000001101001 ( 275)                 .FILL x0069
(30FD) 006E  0000000001101110 ( 275)                 .FILL x006E
(30FE) 0020  0000000000100000 ( 275)                 .FILL x0020
(30FF) 000A  0000000000001010 ( 275)                 .FILL x000A
(3100) 0000  0000000000000000 ( 275)                 .FILL x0000
(3101) 0000  0000000000000000 ( 276) INT             .FILL x0000
(3102) FFD0  1111111111010000 ( 277) OFFSET          .FILL xFFD0
(3103) 0030  0000000000110000 ( 278) PLUS            .FILL x0030
(3104) 0000  0000000000000000 ( 279) NEWPC           .FILL x0000
(3105) 0000  0000000000000000 ( 280) NUM             .FILL x0000
(3106) 0000  0000000000000000 ( 281) VARSAVE         .FILL x0000
(3107) 0037  0000000000110111 ( 282) NUMOFF          .FILL x0037
(3108) 8000  1000000000000000 ( 283) MASK0           .FILL x8000
(3109) 4000  0100000000000000 ( 284) MASK1           .FILL x4000
(310A) 2000  0010000000000000 ( 285) MASK2           .FILL x2000
(310B) 1000  0001000000000000 ( 286) MASK3           .FILL x1000
(310C) 0800  0000100000000000 ( 287) MASK4           .FILL x0800
(310D) 0400  0000010000000000 ( 288) MASK5           .FILL x0400
(310E) 0200  0000001000000000 ( 289) MASK6           .FILL x0200
(310F) 0100  0000000100000000 ( 290) MASK7           .FILL x0100
(3110) 0080  0000000010000000 ( 291) MASK8           .FILL x0080
(3111) 0040  0000000001000000 ( 292) MASK9           .FILL x0040
(3112) 0020  0000000000100000 ( 293) MASKA           .FILL x0020
(3113) 0010  0000000000010000 ( 294) MASKB           .FILL x0010
(3114) 0008  0000000000001000 ( 295) MASKC           .FILL x0008
(3115) 0004  0000000000000100 ( 296) MASKD           .FILL x0004
(3116) 0002  0000000000000010 ( 297) MASKE           .FILL x0002
(3117) 0001  0000000000000001 ( 298) MASKF           .FILL x0001
(3118) FFD0  1111111111010000 ( 299) ZERO            .FILL xFFD0
(3119) FFC7  1111111111000111 ( 308) NINE            .FILL xFFC7
